{"C:\\Users\\CALVINCE\\Desktop\\files\\ringabu\\LinkUp\\backend\\controllers\\usercontroller.js": {"path":"C:\\Users\\CALVINCE\\Desktop\\files\\ringabu\\LinkUp\\backend\\controllers\\usercontroller.js","all":false,"statementMap":{"0":{"start":{"line":1,"column":0},"end":{"line":1,"column":37}},"1":{"start":{"line":2,"column":0},"end":{"line":2,"column":31}},"2":{"start":{"line":3,"column":0},"end":{"line":3,"column":50}},"3":{"start":{"line":4,"column":0},"end":{"line":4,"column":28}},"4":{"start":{"line":5,"column":0},"end":{"line":5,"column":32}},"5":{"start":{"line":6,"column":0},"end":{"line":6,"column":35}},"6":{"start":{"line":7,"column":0},"end":{"line":7,"column":33}},"7":{"start":{"line":8,"column":0},"end":{"line":8,"column":70}},"8":{"start":{"line":9,"column":0},"end":{"line":9,"column":72}},"9":{"start":{"line":10,"column":0},"end":{"line":10,"column":73}},"10":{"start":{"line":11,"column":0},"end":{"line":11,"column":73}},"11":{"start":{"line":12,"column":0},"end":{"line":12,"column":15}},"12":{"start":{"line":13,"column":0},"end":{"line":13,"column":31}},"13":{"start":{"line":14,"column":0},"end":{"line":14,"column":0}},"14":{"start":{"line":15,"column":0},"end":{"line":15,"column":33}},"15":{"start":{"line":16,"column":0},"end":{"line":16,"column":9}},"16":{"start":{"line":17,"column":0},"end":{"line":17,"column":27}},"17":{"start":{"line":18,"column":0},"end":{"line":18,"column":8}},"18":{"start":{"line":19,"column":0},"end":{"line":19,"column":38}},"19":{"start":{"line":20,"column":0},"end":{"line":20,"column":25}},"20":{"start":{"line":21,"column":0},"end":{"line":21,"column":28}},"21":{"start":{"line":22,"column":0},"end":{"line":22,"column":12}},"22":{"start":{"line":23,"column":0},"end":{"line":23,"column":30}},"23":{"start":{"line":24,"column":0},"end":{"line":24,"column":28}},"24":{"start":{"line":25,"column":0},"end":{"line":25,"column":27}},"25":{"start":{"line":26,"column":0},"end":{"line":26,"column":69}},"26":{"start":{"line":27,"column":0},"end":{"line":27,"column":8}},"27":{"start":{"line":28,"column":0},"end":{"line":28,"column":57}},"28":{"start":{"line":29,"column":0},"end":{"line":29,"column":18}},"29":{"start":{"line":30,"column":0},"end":{"line":30,"column":74}},"30":{"start":{"line":31,"column":0},"end":{"line":31,"column":9}},"31":{"start":{"line":32,"column":0},"end":{"line":32,"column":0}},"32":{"start":{"line":33,"column":0},"end":{"line":33,"column":56}},"33":{"start":{"line":34,"column":0},"end":{"line":34,"column":52}},"34":{"start":{"line":35,"column":0},"end":{"line":35,"column":12}},"35":{"start":{"line":36,"column":0},"end":{"line":36,"column":44}},"36":{"start":{"line":37,"column":0},"end":{"line":37,"column":51}},"37":{"start":{"line":38,"column":0},"end":{"line":38,"column":59}},"38":{"start":{"line":39,"column":0},"end":{"line":39,"column":45}},"39":{"start":{"line":40,"column":0},"end":{"line":40,"column":55}},"40":{"start":{"line":41,"column":0},"end":{"line":41,"column":49}},"41":{"start":{"line":42,"column":0},"end":{"line":42,"column":56}},"42":{"start":{"line":43,"column":0},"end":{"line":43,"column":40}},"43":{"start":{"line":44,"column":0},"end":{"line":44,"column":0}},"44":{"start":{"line":45,"column":0},"end":{"line":45,"column":38}},"45":{"start":{"line":46,"column":0},"end":{"line":46,"column":45}},"46":{"start":{"line":47,"column":0},"end":{"line":47,"column":60}},"47":{"start":{"line":48,"column":0},"end":{"line":48,"column":19}},"48":{"start":{"line":49,"column":0},"end":{"line":49,"column":17}},"49":{"start":{"line":50,"column":0},"end":{"line":50,"column":92}},"50":{"start":{"line":51,"column":0},"end":{"line":51,"column":13}},"51":{"start":{"line":52,"column":0},"end":{"line":52,"column":12}},"52":{"start":{"line":53,"column":0},"end":{"line":53,"column":8}},"53":{"start":{"line":54,"column":0},"end":{"line":54,"column":21}},"54":{"start":{"line":55,"column":0},"end":{"line":55,"column":8}},"55":{"start":{"line":56,"column":0},"end":{"line":56,"column":64}},"56":{"start":{"line":57,"column":0},"end":{"line":57,"column":103}},"57":{"start":{"line":58,"column":0},"end":{"line":58,"column":9}},"58":{"start":{"line":59,"column":0},"end":{"line":59,"column":47}},"59":{"start":{"line":60,"column":0},"end":{"line":60,"column":93}},"60":{"start":{"line":61,"column":0},"end":{"line":61,"column":12}},"61":{"start":{"line":62,"column":0},"end":{"line":62,"column":50}},"62":{"start":{"line":63,"column":0},"end":{"line":63,"column":47}},"63":{"start":{"line":64,"column":0},"end":{"line":64,"column":104}},"64":{"start":{"line":65,"column":0},"end":{"line":65,"column":13}},"65":{"start":{"line":66,"column":0},"end":{"line":66,"column":54}},"66":{"start":{"line":67,"column":0},"end":{"line":67,"column":116}},"67":{"start":{"line":68,"column":0},"end":{"line":68,"column":13}},"68":{"start":{"line":69,"column":0},"end":{"line":69,"column":52}},"69":{"start":{"line":70,"column":0},"end":{"line":70,"column":109}},"70":{"start":{"line":71,"column":0},"end":{"line":71,"column":13}},"71":{"start":{"line":72,"column":0},"end":{"line":72,"column":49}},"72":{"start":{"line":73,"column":0},"end":{"line":73,"column":106}},"73":{"start":{"line":74,"column":0},"end":{"line":74,"column":13}},"74":{"start":{"line":75,"column":0},"end":{"line":75,"column":52}},"75":{"start":{"line":76,"column":0},"end":{"line":76,"column":108}},"76":{"start":{"line":77,"column":0},"end":{"line":77,"column":13}},"77":{"start":{"line":78,"column":0},"end":{"line":78,"column":11}},"78":{"start":{"line":79,"column":0},"end":{"line":79,"column":54}},"79":{"start":{"line":80,"column":0},"end":{"line":80,"column":72}},"80":{"start":{"line":81,"column":0},"end":{"line":81,"column":7}},"81":{"start":{"line":82,"column":0},"end":{"line":82,"column":5}},"82":{"start":{"line":83,"column":0},"end":{"line":83,"column":3}},"83":{"start":{"line":84,"column":0},"end":{"line":84,"column":36}},"84":{"start":{"line":85,"column":0},"end":{"line":85,"column":9}},"85":{"start":{"line":86,"column":0},"end":{"line":86,"column":38}},"86":{"start":{"line":87,"column":0},"end":{"line":87,"column":52}},"87":{"start":{"line":88,"column":0},"end":{"line":88,"column":106}},"88":{"start":{"line":89,"column":0},"end":{"line":89,"column":0}},"89":{"start":{"line":90,"column":0},"end":{"line":90,"column":42}},"90":{"start":{"line":91,"column":0},"end":{"line":91,"column":27}},"91":{"start":{"line":92,"column":0},"end":{"line":92,"column":65}},"92":{"start":{"line":93,"column":0},"end":{"line":93,"column":9}},"93":{"start":{"line":94,"column":0},"end":{"line":94,"column":13}},"94":{"start":{"line":95,"column":0},"end":{"line":95,"column":67}},"95":{"start":{"line":96,"column":0},"end":{"line":96,"column":9}},"96":{"start":{"line":97,"column":0},"end":{"line":97,"column":8}},"97":{"start":{"line":98,"column":0},"end":{"line":98,"column":60}},"98":{"start":{"line":99,"column":0},"end":{"line":99,"column":21}},"99":{"start":{"line":100,"column":0},"end":{"line":100,"column":51}},"100":{"start":{"line":101,"column":0},"end":{"line":101,"column":5}},"101":{"start":{"line":102,"column":0},"end":{"line":102,"column":1}},"102":{"start":{"line":103,"column":0},"end":{"line":103,"column":36}},"103":{"start":{"line":104,"column":0},"end":{"line":104,"column":9}},"104":{"start":{"line":105,"column":0},"end":{"line":105,"column":40}},"105":{"start":{"line":106,"column":0},"end":{"line":106,"column":0}},"106":{"start":{"line":107,"column":0},"end":{"line":107,"column":52}},"107":{"start":{"line":108,"column":0},"end":{"line":108,"column":108}},"108":{"start":{"line":109,"column":0},"end":{"line":109,"column":0}},"109":{"start":{"line":110,"column":0},"end":{"line":110,"column":45}},"110":{"start":{"line":111,"column":0},"end":{"line":111,"column":59}},"111":{"start":{"line":112,"column":0},"end":{"line":112,"column":21}},"112":{"start":{"line":113,"column":0},"end":{"line":113,"column":51}},"113":{"start":{"line":114,"column":0},"end":{"line":114,"column":5}},"114":{"start":{"line":115,"column":0},"end":{"line":115,"column":1}},"115":{"start":{"line":116,"column":0},"end":{"line":116,"column":35}},"116":{"start":{"line":117,"column":0},"end":{"line":117,"column":9}},"117":{"start":{"line":118,"column":0},"end":{"line":118,"column":38}},"118":{"start":{"line":119,"column":0},"end":{"line":119,"column":37}},"119":{"start":{"line":120,"column":0},"end":{"line":120,"column":56}},"120":{"start":{"line":121,"column":0},"end":{"line":121,"column":0}},"121":{"start":{"line":122,"column":0},"end":{"line":122,"column":52}},"122":{"start":{"line":123,"column":0},"end":{"line":123,"column":41}},"123":{"start":{"line":124,"column":0},"end":{"line":124,"column":45}},"124":{"start":{"line":125,"column":0},"end":{"line":125,"column":52}},"125":{"start":{"line":126,"column":0},"end":{"line":126,"column":30}},"126":{"start":{"line":127,"column":0},"end":{"line":127,"column":0}},"127":{"start":{"line":128,"column":0},"end":{"line":128,"column":25}},"128":{"start":{"line":129,"column":0},"end":{"line":129,"column":34}},"129":{"start":{"line":130,"column":0},"end":{"line":130,"column":41}},"130":{"start":{"line":131,"column":0},"end":{"line":131,"column":44}},"131":{"start":{"line":132,"column":0},"end":{"line":132,"column":15}},"132":{"start":{"line":133,"column":0},"end":{"line":133,"column":13}},"133":{"start":{"line":134,"column":0},"end":{"line":134,"column":76}},"134":{"start":{"line":135,"column":0},"end":{"line":135,"column":9}},"135":{"start":{"line":136,"column":0},"end":{"line":136,"column":0}},"136":{"start":{"line":137,"column":0},"end":{"line":137,"column":0}},"137":{"start":{"line":138,"column":0},"end":{"line":138,"column":21}},"138":{"start":{"line":139,"column":0},"end":{"line":139,"column":39}},"139":{"start":{"line":140,"column":0},"end":{"line":140,"column":5}},"140":{"start":{"line":141,"column":0},"end":{"line":141,"column":1}},"141":{"start":{"line":142,"column":0},"end":{"line":142,"column":35}},"142":{"start":{"line":143,"column":0},"end":{"line":143,"column":9}},"143":{"start":{"line":144,"column":0},"end":{"line":144,"column":42}},"144":{"start":{"line":145,"column":0},"end":{"line":145,"column":0}},"145":{"start":{"line":146,"column":0},"end":{"line":146,"column":59}},"146":{"start":{"line":147,"column":0},"end":{"line":147,"column":18}},"147":{"start":{"line":148,"column":0},"end":{"line":148,"column":74}},"148":{"start":{"line":149,"column":0},"end":{"line":149,"column":9}},"149":{"start":{"line":150,"column":0},"end":{"line":150,"column":0}},"150":{"start":{"line":151,"column":0},"end":{"line":151,"column":52}},"151":{"start":{"line":152,"column":0},"end":{"line":152,"column":114}},"152":{"start":{"line":153,"column":0},"end":{"line":153,"column":0}},"153":{"start":{"line":154,"column":0},"end":{"line":154,"column":29}},"154":{"start":{"line":155,"column":0},"end":{"line":155,"column":8}},"155":{"start":{"line":156,"column":0},"end":{"line":156,"column":8}},"156":{"start":{"line":157,"column":0},"end":{"line":157,"column":17}},"157":{"start":{"line":158,"column":0},"end":{"line":158,"column":43}},"158":{"start":{"line":159,"column":0},"end":{"line":159,"column":72}},"159":{"start":{"line":160,"column":0},"end":{"line":160,"column":27}},"160":{"start":{"line":161,"column":0},"end":{"line":161,"column":61}},"161":{"start":{"line":162,"column":0},"end":{"line":162,"column":37}},"162":{"start":{"line":163,"column":0},"end":{"line":163,"column":0}},"163":{"start":{"line":164,"column":0},"end":{"line":164,"column":91}},"164":{"start":{"line":165,"column":0},"end":{"line":165,"column":40}},"165":{"start":{"line":166,"column":0},"end":{"line":166,"column":45}},"166":{"start":{"line":167,"column":0},"end":{"line":167,"column":35}},"167":{"start":{"line":168,"column":0},"end":{"line":168,"column":42}},"168":{"start":{"line":169,"column":0},"end":{"line":169,"column":25}},"169":{"start":{"line":170,"column":0},"end":{"line":170,"column":18}},"170":{"start":{"line":171,"column":0},"end":{"line":171,"column":18}},"171":{"start":{"line":172,"column":0},"end":{"line":172,"column":45}},"172":{"start":{"line":173,"column":0},"end":{"line":173,"column":43}},"173":{"start":{"line":174,"column":0},"end":{"line":174,"column":18}},"174":{"start":{"line":175,"column":0},"end":{"line":175,"column":13}},"175":{"start":{"line":176,"column":0},"end":{"line":176,"column":14}},"176":{"start":{"line":177,"column":0},"end":{"line":177,"column":117}},"177":{"start":{"line":178,"column":0},"end":{"line":178,"column":9}},"178":{"start":{"line":179,"column":0},"end":{"line":179,"column":8}},"179":{"start":{"line":180,"column":0},"end":{"line":180,"column":21}},"180":{"start":{"line":181,"column":0},"end":{"line":181,"column":82}},"181":{"start":{"line":182,"column":0},"end":{"line":182,"column":5}},"182":{"start":{"line":183,"column":0},"end":{"line":183,"column":1}},"183":{"start":{"line":184,"column":0},"end":{"line":184,"column":0}},"184":{"start":{"line":185,"column":0},"end":{"line":185,"column":36}},"185":{"start":{"line":186,"column":0},"end":{"line":186,"column":4}},"186":{"start":{"line":187,"column":0},"end":{"line":187,"column":9}},"187":{"start":{"line":188,"column":0},"end":{"line":188,"column":60}},"188":{"start":{"line":189,"column":0},"end":{"line":189,"column":0}},"189":{"start":{"line":190,"column":0},"end":{"line":190,"column":60}},"190":{"start":{"line":191,"column":0},"end":{"line":191,"column":18}},"191":{"start":{"line":192,"column":0},"end":{"line":192,"column":74}},"192":{"start":{"line":193,"column":0},"end":{"line":193,"column":9}},"193":{"start":{"line":194,"column":0},"end":{"line":194,"column":0}},"194":{"start":{"line":195,"column":0},"end":{"line":195,"column":40}},"195":{"start":{"line":196,"column":0},"end":{"line":196,"column":52}},"196":{"start":{"line":197,"column":0},"end":{"line":197,"column":44}},"197":{"start":{"line":198,"column":0},"end":{"line":198,"column":51}},"198":{"start":{"line":199,"column":0},"end":{"line":199,"column":59}},"199":{"start":{"line":200,"column":0},"end":{"line":200,"column":45}},"200":{"start":{"line":201,"column":0},"end":{"line":201,"column":55}},"201":{"start":{"line":202,"column":0},"end":{"line":202,"column":49}},"202":{"start":{"line":203,"column":0},"end":{"line":203,"column":38}},"203":{"start":{"line":204,"column":0},"end":{"line":204,"column":12}},"204":{"start":{"line":205,"column":0},"end":{"line":205,"column":12}},"205":{"start":{"line":206,"column":0},"end":{"line":206,"column":38}},"206":{"start":{"line":207,"column":0},"end":{"line":207,"column":45}},"207":{"start":{"line":208,"column":0},"end":{"line":208,"column":60}},"208":{"start":{"line":209,"column":0},"end":{"line":209,"column":19}},"209":{"start":{"line":210,"column":0},"end":{"line":210,"column":17}},"210":{"start":{"line":211,"column":0},"end":{"line":211,"column":100}},"211":{"start":{"line":212,"column":0},"end":{"line":212,"column":13}},"212":{"start":{"line":213,"column":0},"end":{"line":213,"column":8}},"213":{"start":{"line":214,"column":0},"end":{"line":214,"column":3}},"214":{"start":{"line":215,"column":0},"end":{"line":215,"column":21}},"215":{"start":{"line":216,"column":0},"end":{"line":216,"column":64}},"216":{"start":{"line":217,"column":0},"end":{"line":217,"column":136}},"217":{"start":{"line":218,"column":0},"end":{"line":218,"column":9}},"218":{"start":{"line":219,"column":0},"end":{"line":219,"column":47}},"219":{"start":{"line":220,"column":0},"end":{"line":220,"column":93}},"220":{"start":{"line":221,"column":0},"end":{"line":221,"column":12}},"221":{"start":{"line":222,"column":0},"end":{"line":222,"column":50}},"222":{"start":{"line":223,"column":0},"end":{"line":223,"column":47}},"223":{"start":{"line":224,"column":0},"end":{"line":224,"column":104}},"224":{"start":{"line":225,"column":0},"end":{"line":225,"column":13}},"225":{"start":{"line":226,"column":0},"end":{"line":226,"column":54}},"226":{"start":{"line":227,"column":0},"end":{"line":227,"column":116}},"227":{"start":{"line":228,"column":0},"end":{"line":228,"column":13}},"228":{"start":{"line":229,"column":0},"end":{"line":229,"column":52}},"229":{"start":{"line":230,"column":0},"end":{"line":230,"column":109}},"230":{"start":{"line":231,"column":0},"end":{"line":231,"column":13}},"231":{"start":{"line":232,"column":0},"end":{"line":232,"column":49}},"232":{"start":{"line":233,"column":0},"end":{"line":233,"column":106}},"233":{"start":{"line":234,"column":0},"end":{"line":234,"column":13}},"234":{"start":{"line":235,"column":0},"end":{"line":235,"column":9}},"235":{"start":{"line":236,"column":0},"end":{"line":236,"column":75}},"236":{"start":{"line":237,"column":0},"end":{"line":237,"column":51}},"237":{"start":{"line":238,"column":0},"end":{"line":238,"column":5}},"238":{"start":{"line":239,"column":0},"end":{"line":239,"column":1}},"239":{"start":{"line":240,"column":0},"end":{"line":240,"column":0}},"240":{"start":{"line":241,"column":0},"end":{"line":241,"column":36}},"241":{"start":{"line":242,"column":0},"end":{"line":242,"column":9}},"242":{"start":{"line":243,"column":0},"end":{"line":243,"column":40}},"243":{"start":{"line":244,"column":0},"end":{"line":244,"column":52}},"244":{"start":{"line":245,"column":0},"end":{"line":245,"column":44}},"245":{"start":{"line":246,"column":0},"end":{"line":246,"column":35}},"246":{"start":{"line":247,"column":0},"end":{"line":247,"column":39}},"247":{"start":{"line":248,"column":0},"end":{"line":248,"column":12}},"248":{"start":{"line":249,"column":0},"end":{"line":249,"column":44}},"249":{"start":{"line":250,"column":0},"end":{"line":250,"column":65}},"250":{"start":{"line":251,"column":0},"end":{"line":251,"column":8}},"251":{"start":{"line":252,"column":0},"end":{"line":252,"column":21}},"252":{"start":{"line":253,"column":0},"end":{"line":253,"column":72}},"253":{"start":{"line":254,"column":0},"end":{"line":254,"column":5}},"254":{"start":{"line":255,"column":0},"end":{"line":255,"column":1}},"255":{"start":{"line":256,"column":0},"end":{"line":256,"column":0}},"256":{"start":{"line":257,"column":0},"end":{"line":257,"column":36}},"257":{"start":{"line":258,"column":0},"end":{"line":258,"column":9}},"258":{"start":{"line":259,"column":0},"end":{"line":259,"column":40}},"259":{"start":{"line":260,"column":0},"end":{"line":260,"column":52}},"260":{"start":{"line":261,"column":0},"end":{"line":261,"column":40}},"261":{"start":{"line":262,"column":0},"end":{"line":262,"column":31}},"262":{"start":{"line":263,"column":0},"end":{"line":263,"column":35}},"263":{"start":{"line":264,"column":0},"end":{"line":264,"column":0}},"264":{"start":{"line":265,"column":0},"end":{"line":265,"column":37}},"265":{"start":{"line":266,"column":0},"end":{"line":266,"column":41}},"266":{"start":{"line":267,"column":0},"end":{"line":267,"column":53}},"267":{"start":{"line":268,"column":0},"end":{"line":268,"column":15}},"268":{"start":{"line":269,"column":0},"end":{"line":269,"column":13}},"269":{"start":{"line":270,"column":0},"end":{"line":270,"column":96}},"270":{"start":{"line":271,"column":0},"end":{"line":271,"column":9}},"271":{"start":{"line":272,"column":0},"end":{"line":272,"column":8}},"272":{"start":{"line":273,"column":0},"end":{"line":273,"column":21}},"273":{"start":{"line":274,"column":0},"end":{"line":274,"column":44}},"274":{"start":{"line":275,"column":0},"end":{"line":275,"column":5}},"275":{"start":{"line":276,"column":0},"end":{"line":276,"column":1}},"276":{"start":{"line":277,"column":0},"end":{"line":277,"column":0}},"277":{"start":{"line":278,"column":0},"end":{"line":278,"column":37}},"278":{"start":{"line":279,"column":0},"end":{"line":279,"column":9}},"279":{"start":{"line":280,"column":0},"end":{"line":280,"column":45}},"280":{"start":{"line":281,"column":0},"end":{"line":281,"column":0}},"281":{"start":{"line":282,"column":0},"end":{"line":282,"column":60}},"282":{"start":{"line":283,"column":0},"end":{"line":283,"column":18}},"283":{"start":{"line":284,"column":0},"end":{"line":284,"column":74}},"284":{"start":{"line":285,"column":0},"end":{"line":285,"column":9}},"285":{"start":{"line":286,"column":0},"end":{"line":286,"column":0}},"286":{"start":{"line":287,"column":0},"end":{"line":287,"column":29}},"287":{"start":{"line":288,"column":0},"end":{"line":288,"column":52}},"288":{"start":{"line":289,"column":0},"end":{"line":289,"column":40}},"289":{"start":{"line":290,"column":0},"end":{"line":290,"column":51}},"290":{"start":{"line":291,"column":0},"end":{"line":291,"column":47}},"291":{"start":{"line":292,"column":0},"end":{"line":292,"column":55}},"292":{"start":{"line":293,"column":0},"end":{"line":293,"column":35}},"293":{"start":{"line":294,"column":0},"end":{"line":294,"column":0}},"294":{"start":{"line":295,"column":0},"end":{"line":295,"column":34}},"295":{"start":{"line":296,"column":0},"end":{"line":296,"column":41}},"296":{"start":{"line":297,"column":0},"end":{"line":297,"column":41}},"297":{"start":{"line":298,"column":0},"end":{"line":298,"column":15}},"298":{"start":{"line":299,"column":0},"end":{"line":299,"column":13}},"299":{"start":{"line":300,"column":0},"end":{"line":300,"column":73}},"300":{"start":{"line":301,"column":0},"end":{"line":301,"column":9}},"301":{"start":{"line":302,"column":0},"end":{"line":302,"column":0}},"302":{"start":{"line":303,"column":0},"end":{"line":303,"column":21}},"303":{"start":{"line":304,"column":0},"end":{"line":304,"column":52}},"304":{"start":{"line":305,"column":0},"end":{"line":305,"column":90}},"305":{"start":{"line":306,"column":0},"end":{"line":306,"column":9}},"306":{"start":{"line":307,"column":0},"end":{"line":307,"column":72}},"307":{"start":{"line":308,"column":0},"end":{"line":308,"column":5}},"308":{"start":{"line":309,"column":0},"end":{"line":309,"column":1}},"309":{"start":{"line":310,"column":0},"end":{"line":310,"column":0}},"310":{"start":{"line":311,"column":0},"end":{"line":311,"column":46}},"311":{"start":{"line":312,"column":0},"end":{"line":312,"column":9}},"312":{"start":{"line":313,"column":0},"end":{"line":313,"column":40}},"313":{"start":{"line":314,"column":0},"end":{"line":314,"column":0}},"314":{"start":{"line":315,"column":0},"end":{"line":315,"column":52}},"315":{"start":{"line":316,"column":0},"end":{"line":316,"column":40}},"316":{"start":{"line":317,"column":0},"end":{"line":317,"column":47}},"317":{"start":{"line":318,"column":0},"end":{"line":318,"column":45}},"318":{"start":{"line":319,"column":0},"end":{"line":319,"column":0}},"319":{"start":{"line":320,"column":0},"end":{"line":320,"column":39}},"320":{"start":{"line":321,"column":0},"end":{"line":321,"column":0}},"321":{"start":{"line":322,"column":0},"end":{"line":322,"column":59}},"322":{"start":{"line":323,"column":0},"end":{"line":323,"column":0}},"323":{"start":{"line":324,"column":0},"end":{"line":324,"column":0}},"324":{"start":{"line":325,"column":0},"end":{"line":325,"column":8}},"325":{"start":{"line":326,"column":0},"end":{"line":326,"column":21}},"326":{"start":{"line":327,"column":0},"end":{"line":327,"column":44}},"327":{"start":{"line":328,"column":0},"end":{"line":328,"column":5}},"328":{"start":{"line":329,"column":0},"end":{"line":329,"column":1}},"329":{"start":{"line":330,"column":0},"end":{"line":330,"column":0}},"330":{"start":{"line":331,"column":0},"end":{"line":331,"column":35}},"331":{"start":{"line":332,"column":0},"end":{"line":332,"column":9}},"332":{"start":{"line":333,"column":0},"end":{"line":333,"column":45}},"333":{"start":{"line":334,"column":0},"end":{"line":334,"column":0}},"334":{"start":{"line":335,"column":0},"end":{"line":335,"column":60}},"335":{"start":{"line":336,"column":0},"end":{"line":336,"column":18}},"336":{"start":{"line":337,"column":0},"end":{"line":337,"column":74}},"337":{"start":{"line":338,"column":0},"end":{"line":338,"column":9}},"338":{"start":{"line":339,"column":0},"end":{"line":339,"column":0}},"339":{"start":{"line":340,"column":0},"end":{"line":340,"column":52}},"340":{"start":{"line":341,"column":0},"end":{"line":341,"column":40}},"341":{"start":{"line":342,"column":0},"end":{"line":342,"column":47}},"342":{"start":{"line":343,"column":0},"end":{"line":343,"column":55}},"343":{"start":{"line":344,"column":0},"end":{"line":344,"column":33}},"344":{"start":{"line":345,"column":0},"end":{"line":345,"column":0}},"345":{"start":{"line":346,"column":0},"end":{"line":346,"column":34}},"346":{"start":{"line":347,"column":0},"end":{"line":347,"column":41}},"347":{"start":{"line":348,"column":0},"end":{"line":348,"column":43}},"348":{"start":{"line":349,"column":0},"end":{"line":349,"column":15}},"349":{"start":{"line":350,"column":0},"end":{"line":350,"column":13}},"350":{"start":{"line":351,"column":0},"end":{"line":351,"column":75}},"351":{"start":{"line":352,"column":0},"end":{"line":352,"column":9}},"352":{"start":{"line":353,"column":0},"end":{"line":353,"column":0}},"353":{"start":{"line":354,"column":0},"end":{"line":354,"column":21}},"354":{"start":{"line":355,"column":0},"end":{"line":355,"column":39}},"355":{"start":{"line":356,"column":0},"end":{"line":356,"column":75}},"356":{"start":{"line":357,"column":0},"end":{"line":357,"column":5}},"357":{"start":{"line":358,"column":0},"end":{"line":358,"column":1}},"358":{"start":{"line":359,"column":0},"end":{"line":359,"column":0}},"359":{"start":{"line":360,"column":0},"end":{"line":360,"column":35}},"360":{"start":{"line":361,"column":0},"end":{"line":361,"column":9}},"361":{"start":{"line":362,"column":0},"end":{"line":362,"column":40}},"362":{"start":{"line":363,"column":0},"end":{"line":363,"column":0}},"363":{"start":{"line":364,"column":0},"end":{"line":364,"column":52}},"364":{"start":{"line":365,"column":0},"end":{"line":365,"column":40}},"365":{"start":{"line":366,"column":0},"end":{"line":366,"column":47}},"366":{"start":{"line":367,"column":0},"end":{"line":367,"column":34}},"367":{"start":{"line":368,"column":0},"end":{"line":368,"column":0}},"368":{"start":{"line":369,"column":0},"end":{"line":369,"column":39}},"369":{"start":{"line":370,"column":0},"end":{"line":370,"column":0}},"370":{"start":{"line":371,"column":0},"end":{"line":371,"column":59}},"371":{"start":{"line":372,"column":0},"end":{"line":372,"column":21}},"372":{"start":{"line":373,"column":0},"end":{"line":373,"column":44}},"373":{"start":{"line":374,"column":0},"end":{"line":374,"column":5}},"374":{"start":{"line":375,"column":0},"end":{"line":375,"column":1}},"375":{"start":{"line":376,"column":0},"end":{"line":376,"column":0}},"376":{"start":{"line":377,"column":0},"end":{"line":377,"column":36}},"377":{"start":{"line":378,"column":0},"end":{"line":378,"column":9}},"378":{"start":{"line":379,"column":0},"end":{"line":379,"column":40}},"379":{"start":{"line":380,"column":0},"end":{"line":380,"column":0}},"380":{"start":{"line":381,"column":0},"end":{"line":381,"column":52}},"381":{"start":{"line":382,"column":0},"end":{"line":382,"column":40}},"382":{"start":{"line":383,"column":0},"end":{"line":383,"column":47}},"383":{"start":{"line":384,"column":0},"end":{"line":384,"column":34}},"384":{"start":{"line":385,"column":0},"end":{"line":385,"column":0}},"385":{"start":{"line":386,"column":0},"end":{"line":386,"column":39}},"386":{"start":{"line":387,"column":0},"end":{"line":387,"column":0}},"387":{"start":{"line":388,"column":0},"end":{"line":388,"column":59}},"388":{"start":{"line":389,"column":0},"end":{"line":389,"column":21}},"389":{"start":{"line":390,"column":0},"end":{"line":390,"column":44}},"390":{"start":{"line":391,"column":0},"end":{"line":391,"column":5}},"391":{"start":{"line":392,"column":0},"end":{"line":392,"column":1}},"392":{"start":{"line":393,"column":0},"end":{"line":393,"column":0}},"393":{"start":{"line":394,"column":0},"end":{"line":394,"column":0}},"394":{"start":{"line":395,"column":0},"end":{"line":395,"column":0}},"395":{"start":{"line":396,"column":0},"end":{"line":396,"column":36}},"396":{"start":{"line":397,"column":0},"end":{"line":397,"column":17}},"397":{"start":{"line":398,"column":0},"end":{"line":398,"column":39}},"398":{"start":{"line":399,"column":0},"end":{"line":399,"column":37}},"399":{"start":{"line":400,"column":0},"end":{"line":400,"column":29}},"400":{"start":{"line":401,"column":0},"end":{"line":401,"column":10}},"401":{"start":{"line":402,"column":0},"end":{"line":402,"column":5}},"402":{"start":{"line":403,"column":0},"end":{"line":403,"column":9}},"403":{"start":{"line":404,"column":0},"end":{"line":404,"column":37}},"404":{"start":{"line":405,"column":0},"end":{"line":405,"column":34}},"405":{"start":{"line":406,"column":0},"end":{"line":406,"column":10}},"406":{"start":{"line":407,"column":0},"end":{"line":407,"column":5}},"407":{"start":{"line":408,"column":0},"end":{"line":408,"column":1}},"408":{"start":{"line":409,"column":0},"end":{"line":409,"column":0}},"409":{"start":{"line":410,"column":0},"end":{"line":410,"column":0}},"410":{"start":{"line":411,"column":0},"end":{"line":411,"column":0}},"411":{"start":{"line":412,"column":0},"end":{"line":412,"column":0}},"412":{"start":{"line":413,"column":0},"end":{"line":413,"column":18}},"413":{"start":{"line":414,"column":0},"end":{"line":414,"column":35}},"414":{"start":{"line":415,"column":0},"end":{"line":415,"column":36}},"415":{"start":{"line":416,"column":0},"end":{"line":416,"column":26}},"416":{"start":{"line":417,"column":0},"end":{"line":417,"column":27}},"417":{"start":{"line":418,"column":0},"end":{"line":418,"column":25}},"418":{"start":{"line":419,"column":0},"end":{"line":419,"column":37}},"419":{"start":{"line":420,"column":0},"end":{"line":420,"column":1}}},"s":{"0":1,"1":1,"2":1,"3":1,"4":1,"5":1,"6":1,"7":1,"8":1,"9":1,"10":1,"11":1,"12":1,"13":1,"14":1,"15":2,"16":2,"17":2,"18":2,"19":2,"20":2,"21":2,"22":2,"23":2,"24":2,"25":2,"26":2,"27":2,"28":2,"29":0,"30":2,"31":2,"32":2,"33":2,"34":2,"35":2,"36":2,"37":2,"38":2,"39":2,"40":2,"41":2,"42":2,"43":2,"44":2,"45":1,"46":1,"47":1,"48":1,"49":1,"50":0,"51":0,"52":0,"53":0,"54":0,"55":0,"56":0,"57":0,"58":0,"59":0,"60":0,"61":0,"62":0,"63":0,"64":0,"65":0,"66":0,"67":0,"68":0,"69":0,"70":0,"71":0,"72":0,"73":0,"74":0,"75":0,"76":0,"77":0,"78":0,"79":0,"80":1,"81":1,"82":1,"83":1,"84":2,"85":2,"86":2,"87":2,"88":2,"89":2,"90":2,"91":1,"92":1,"93":1,"94":1,"95":0,"96":0,"97":0,"98":0,"99":0,"100":1,"101":1,"102":1,"103":0,"104":0,"105":0,"106":0,"107":0,"108":0,"109":0,"110":0,"111":0,"112":0,"113":1,"114":1,"115":1,"116":2,"117":2,"118":2,"119":2,"120":2,"121":2,"122":2,"123":2,"124":2,"125":2,"126":2,"127":2,"128":2,"129":1,"130":1,"131":1,"132":1,"133":1,"134":0,"135":0,"136":0,"137":0,"138":0,"139":1,"140":1,"141":1,"142":1,"143":1,"144":1,"145":1,"146":1,"147":0,"148":1,"149":1,"150":1,"151":6,"152":1,"153":1,"154":1,"155":1,"156":1,"157":1,"158":1,"159":1,"160":1,"161":1,"162":1,"163":1,"164":1,"165":1,"166":1,"167":1,"168":1,"169":1,"170":0,"171":0,"172":0,"173":0,"174":0,"175":0,"176":0,"177":0,"178":0,"179":0,"180":0,"181":1,"182":1,"183":1,"184":1,"185":5,"186":5,"187":5,"188":5,"189":5,"190":5,"191":3,"192":2,"193":2,"194":2,"195":2,"196":2,"197":2,"198":2,"199":2,"200":2,"201":2,"202":2,"203":2,"204":2,"205":2,"206":1,"207":1,"208":1,"209":1,"210":1,"211":0,"212":0,"213":0,"214":0,"215":0,"216":0,"217":0,"218":0,"219":0,"220":0,"221":0,"222":0,"223":0,"224":0,"225":0,"226":0,"227":0,"228":0,"229":0,"230":0,"231":0,"232":0,"233":0,"234":0,"235":0,"236":0,"237":1,"238":1,"239":1,"240":1,"241":1,"242":1,"243":1,"244":1,"245":1,"246":1,"247":1,"248":1,"249":1,"250":0,"251":0,"252":0,"253":1,"254":1,"255":1,"256":1,"257":2,"258":2,"259":2,"260":2,"261":2,"262":2,"263":2,"264":2,"265":1,"266":1,"267":1,"268":1,"269":1,"270":0,"271":0,"272":0,"273":0,"274":1,"275":1,"276":1,"277":1,"278":2,"279":2,"280":2,"281":2,"282":2,"283":0,"284":2,"285":2,"286":2,"287":2,"288":2,"289":2,"290":2,"291":2,"292":2,"293":2,"294":2,"295":1,"296":1,"297":1,"298":1,"299":1,"300":0,"301":0,"302":0,"303":0,"304":0,"305":0,"306":0,"307":1,"308":1,"309":1,"310":1,"311":1,"312":1,"313":1,"314":1,"315":1,"316":1,"317":1,"318":1,"319":1,"320":1,"321":1,"322":0,"323":0,"324":0,"325":0,"326":0,"327":1,"328":1,"329":1,"330":1,"331":3,"332":3,"333":3,"334":3,"335":3,"336":1,"337":2,"338":2,"339":2,"340":2,"341":2,"342":2,"343":2,"344":2,"345":2,"346":1,"347":1,"348":1,"349":1,"350":1,"351":0,"352":0,"353":0,"354":0,"355":1,"356":1,"357":1,"358":1,"359":1,"360":1,"361":1,"362":1,"363":1,"364":1,"365":1,"366":1,"367":1,"368":1,"369":1,"370":1,"371":0,"372":0,"373":1,"374":1,"375":1,"376":1,"377":1,"378":1,"379":1,"380":1,"381":1,"382":1,"383":1,"384":1,"385":1,"386":1,"387":1,"388":0,"389":0,"390":1,"391":1,"392":1,"393":1,"394":1,"395":1,"396":2,"397":1,"398":1,"399":1,"400":1,"401":1,"402":1,"403":1,"404":1,"405":1,"406":1,"407":1,"408":1,"409":1,"410":1,"411":1,"412":1,"413":1,"414":1,"415":1,"416":1,"417":1,"418":1,"419":1},"branchMap":{"0":{"type":"branch","line":2,"loc":{"start":{"line":2,"column":0},"end":{"line":2,"column":6}},"locations":[{"start":{"line":2,"column":0},"end":{"line":2,"column":6}}]},"1":{"type":"branch","line":2,"loc":{"start":{"line":2,"column":0},"end":{"line":2,"column":6}},"locations":[{"start":{"line":2,"column":0},"end":{"line":2,"column":6}}]},"2":{"type":"branch","line":2,"loc":{"start":{"line":2,"column":0},"end":{"line":2,"column":6}},"locations":[{"start":{"line":2,"column":0},"end":{"line":2,"column":6}}]},"3":{"type":"branch","line":2,"loc":{"start":{"line":2,"column":0},"end":{"line":2,"column":6}},"locations":[{"start":{"line":2,"column":0},"end":{"line":2,"column":6}}]},"4":{"type":"branch","line":2,"loc":{"start":{"line":2,"column":0},"end":{"line":2,"column":6}},"locations":[{"start":{"line":2,"column":0},"end":{"line":2,"column":6}}]},"5":{"type":"branch","line":2,"loc":{"start":{"line":2,"column":0},"end":{"line":2,"column":6}},"locations":[{"start":{"line":2,"column":0},"end":{"line":2,"column":6}}]},"6":{"type":"branch","line":2,"loc":{"start":{"line":2,"column":0},"end":{"line":2,"column":6}},"locations":[{"start":{"line":2,"column":0},"end":{"line":2,"column":6}}]},"7":{"type":"branch","line":2,"loc":{"start":{"line":2,"column":0},"end":{"line":2,"column":6}},"locations":[{"start":{"line":2,"column":0},"end":{"line":2,"column":6}}]},"8":{"type":"branch","line":2,"loc":{"start":{"line":2,"column":0},"end":{"line":2,"column":6}},"locations":[{"start":{"line":2,"column":0},"end":{"line":2,"column":6}}]},"9":{"type":"branch","line":2,"loc":{"start":{"line":2,"column":0},"end":{"line":2,"column":6}},"locations":[{"start":{"line":2,"column":0},"end":{"line":2,"column":6}}]},"10":{"type":"branch","line":2,"loc":{"start":{"line":2,"column":0},"end":{"line":2,"column":6}},"locations":[{"start":{"line":2,"column":0},"end":{"line":2,"column":6}}]},"11":{"type":"branch","line":2,"loc":{"start":{"line":2,"column":0},"end":{"line":2,"column":6}},"locations":[{"start":{"line":2,"column":0},"end":{"line":2,"column":6}}]},"12":{"type":"branch","line":2,"loc":{"start":{"line":2,"column":0},"end":{"line":2,"column":6}},"locations":[{"start":{"line":2,"column":0},"end":{"line":2,"column":6}}]},"13":{"type":"branch","line":2,"loc":{"start":{"line":2,"column":0},"end":{"line":2,"column":6}},"locations":[{"start":{"line":2,"column":0},"end":{"line":2,"column":6}}]},"14":{"type":"branch","line":2,"loc":{"start":{"line":2,"column":0},"end":{"line":2,"column":6}},"locations":[{"start":{"line":2,"column":0},"end":{"line":2,"column":6}}]},"15":{"type":"branch","line":2,"loc":{"start":{"line":2,"column":0},"end":{"line":2,"column":6}},"locations":[{"start":{"line":2,"column":0},"end":{"line":2,"column":6}}]},"16":{"type":"branch","line":2,"loc":{"start":{"line":2,"column":0},"end":{"line":2,"column":6}},"locations":[{"start":{"line":2,"column":0},"end":{"line":2,"column":6}}]},"17":{"type":"branch","line":2,"loc":{"start":{"line":2,"column":0},"end":{"line":2,"column":6}},"locations":[{"start":{"line":2,"column":0},"end":{"line":2,"column":6}}]},"18":{"type":"branch","line":2,"loc":{"start":{"line":2,"column":0},"end":{"line":2,"column":6}},"locations":[{"start":{"line":2,"column":0},"end":{"line":2,"column":6}}]},"19":{"type":"branch","line":2,"loc":{"start":{"line":2,"column":0},"end":{"line":2,"column":6}},"locations":[{"start":{"line":2,"column":0},"end":{"line":2,"column":6}}]},"20":{"type":"branch","line":2,"loc":{"start":{"line":2,"column":0},"end":{"line":2,"column":6}},"locations":[{"start":{"line":2,"column":0},"end":{"line":2,"column":6}}]},"21":{"type":"branch","line":2,"loc":{"start":{"line":2,"column":0},"end":{"line":2,"column":6}},"locations":[{"start":{"line":2,"column":0},"end":{"line":2,"column":6}}]},"22":{"type":"branch","line":2,"loc":{"start":{"line":2,"column":0},"end":{"line":2,"column":6}},"locations":[{"start":{"line":2,"column":0},"end":{"line":2,"column":6}}]},"23":{"type":"branch","line":2,"loc":{"start":{"line":2,"column":0},"end":{"line":2,"column":6}},"locations":[{"start":{"line":2,"column":0},"end":{"line":2,"column":6}}]},"24":{"type":"branch","line":2,"loc":{"start":{"line":2,"column":0},"end":{"line":2,"column":6}},"locations":[{"start":{"line":2,"column":0},"end":{"line":2,"column":6}}]},"25":{"type":"branch","line":2,"loc":{"start":{"line":2,"column":0},"end":{"line":2,"column":6}},"locations":[{"start":{"line":2,"column":0},"end":{"line":2,"column":6}}]},"26":{"type":"branch","line":2,"loc":{"start":{"line":2,"column":0},"end":{"line":2,"column":6}},"locations":[{"start":{"line":2,"column":0},"end":{"line":2,"column":6}}]},"27":{"type":"branch","line":2,"loc":{"start":{"line":2,"column":0},"end":{"line":2,"column":6}},"locations":[{"start":{"line":2,"column":0},"end":{"line":2,"column":6}}]},"28":{"type":"branch","line":2,"loc":{"start":{"line":2,"column":0},"end":{"line":2,"column":6}},"locations":[{"start":{"line":2,"column":0},"end":{"line":2,"column":6}}]},"29":{"type":"branch","line":2,"loc":{"start":{"line":2,"column":0},"end":{"line":2,"column":6}},"locations":[{"start":{"line":2,"column":0},"end":{"line":2,"column":6}}]},"30":{"type":"branch","line":2,"loc":{"start":{"line":2,"column":0},"end":{"line":2,"column":6}},"locations":[{"start":{"line":2,"column":0},"end":{"line":2,"column":6}}]},"31":{"type":"branch","line":2,"loc":{"start":{"line":2,"column":0},"end":{"line":2,"column":6}},"locations":[{"start":{"line":2,"column":0},"end":{"line":2,"column":6}}]},"32":{"type":"branch","line":2,"loc":{"start":{"line":2,"column":0},"end":{"line":2,"column":6}},"locations":[{"start":{"line":2,"column":0},"end":{"line":2,"column":6}}]},"33":{"type":"branch","line":2,"loc":{"start":{"line":2,"column":0},"end":{"line":2,"column":6}},"locations":[{"start":{"line":2,"column":0},"end":{"line":2,"column":6}}]},"34":{"type":"branch","line":2,"loc":{"start":{"line":2,"column":0},"end":{"line":2,"column":6}},"locations":[{"start":{"line":2,"column":0},"end":{"line":2,"column":6}}]},"35":{"type":"branch","line":2,"loc":{"start":{"line":2,"column":0},"end":{"line":2,"column":6}},"locations":[{"start":{"line":2,"column":0},"end":{"line":2,"column":6}}]},"36":{"type":"branch","line":2,"loc":{"start":{"line":2,"column":0},"end":{"line":2,"column":6}},"locations":[{"start":{"line":2,"column":0},"end":{"line":2,"column":6}}]},"37":{"type":"branch","line":2,"loc":{"start":{"line":2,"column":0},"end":{"line":2,"column":6}},"locations":[{"start":{"line":2,"column":0},"end":{"line":2,"column":6}}]},"38":{"type":"branch","line":2,"loc":{"start":{"line":2,"column":0},"end":{"line":2,"column":6}},"locations":[{"start":{"line":2,"column":0},"end":{"line":2,"column":6}}]},"39":{"type":"branch","line":2,"loc":{"start":{"line":2,"column":0},"end":{"line":2,"column":6}},"locations":[{"start":{"line":2,"column":0},"end":{"line":2,"column":6}}]},"40":{"type":"branch","line":2,"loc":{"start":{"line":2,"column":0},"end":{"line":2,"column":6}},"locations":[{"start":{"line":2,"column":0},"end":{"line":2,"column":6}}]},"41":{"type":"branch","line":2,"loc":{"start":{"line":2,"column":0},"end":{"line":2,"column":6}},"locations":[{"start":{"line":2,"column":0},"end":{"line":2,"column":6}}]},"42":{"type":"branch","line":2,"loc":{"start":{"line":2,"column":0},"end":{"line":2,"column":6}},"locations":[{"start":{"line":2,"column":0},"end":{"line":2,"column":6}}]},"43":{"type":"branch","line":2,"loc":{"start":{"line":2,"column":0},"end":{"line":2,"column":6}},"locations":[{"start":{"line":2,"column":0},"end":{"line":2,"column":6}}]},"44":{"type":"branch","line":2,"loc":{"start":{"line":2,"column":0},"end":{"line":2,"column":6}},"locations":[{"start":{"line":2,"column":0},"end":{"line":2,"column":6}}]},"45":{"type":"branch","line":2,"loc":{"start":{"line":2,"column":0},"end":{"line":2,"column":6}},"locations":[{"start":{"line":2,"column":0},"end":{"line":2,"column":6}}]},"46":{"type":"branch","line":2,"loc":{"start":{"line":2,"column":0},"end":{"line":2,"column":6}},"locations":[{"start":{"line":2,"column":0},"end":{"line":2,"column":6}}]},"47":{"type":"branch","line":2,"loc":{"start":{"line":2,"column":0},"end":{"line":2,"column":6}},"locations":[{"start":{"line":2,"column":0},"end":{"line":2,"column":6}}]},"48":{"type":"branch","line":2,"loc":{"start":{"line":2,"column":0},"end":{"line":2,"column":6}},"locations":[{"start":{"line":2,"column":0},"end":{"line":2,"column":6}}]},"49":{"type":"branch","line":2,"loc":{"start":{"line":2,"column":0},"end":{"line":2,"column":6}},"locations":[{"start":{"line":2,"column":0},"end":{"line":2,"column":6}}]},"50":{"type":"branch","line":2,"loc":{"start":{"line":2,"column":0},"end":{"line":2,"column":6}},"locations":[{"start":{"line":2,"column":0},"end":{"line":2,"column":6}}]},"51":{"type":"branch","line":2,"loc":{"start":{"line":2,"column":0},"end":{"line":2,"column":6}},"locations":[{"start":{"line":2,"column":0},"end":{"line":2,"column":6}}]},"52":{"type":"branch","line":2,"loc":{"start":{"line":2,"column":0},"end":{"line":2,"column":6}},"locations":[{"start":{"line":2,"column":0},"end":{"line":2,"column":6}}]},"53":{"type":"branch","line":2,"loc":{"start":{"line":2,"column":0},"end":{"line":2,"column":6}},"locations":[{"start":{"line":2,"column":0},"end":{"line":2,"column":6}}]},"54":{"type":"branch","line":2,"loc":{"start":{"line":2,"column":0},"end":{"line":2,"column":6}},"locations":[{"start":{"line":2,"column":0},"end":{"line":2,"column":6}}]},"55":{"type":"branch","line":2,"loc":{"start":{"line":2,"column":0},"end":{"line":2,"column":6}},"locations":[{"start":{"line":2,"column":0},"end":{"line":2,"column":6}}]},"56":{"type":"branch","line":2,"loc":{"start":{"line":2,"column":0},"end":{"line":2,"column":6}},"locations":[{"start":{"line":2,"column":0},"end":{"line":2,"column":6}}]},"57":{"type":"branch","line":2,"loc":{"start":{"line":2,"column":0},"end":{"line":2,"column":6}},"locations":[{"start":{"line":2,"column":0},"end":{"line":2,"column":6}}]},"58":{"type":"branch","line":2,"loc":{"start":{"line":2,"column":0},"end":{"line":2,"column":6}},"locations":[{"start":{"line":2,"column":0},"end":{"line":2,"column":6}}]},"59":{"type":"branch","line":2,"loc":{"start":{"line":2,"column":0},"end":{"line":2,"column":6}},"locations":[{"start":{"line":2,"column":0},"end":{"line":2,"column":6}}]},"60":{"type":"branch","line":2,"loc":{"start":{"line":2,"column":0},"end":{"line":2,"column":6}},"locations":[{"start":{"line":2,"column":0},"end":{"line":2,"column":6}}]},"61":{"type":"branch","line":2,"loc":{"start":{"line":2,"column":0},"end":{"line":2,"column":6}},"locations":[{"start":{"line":2,"column":0},"end":{"line":2,"column":6}}]},"62":{"type":"branch","line":2,"loc":{"start":{"line":2,"column":0},"end":{"line":2,"column":6}},"locations":[{"start":{"line":2,"column":0},"end":{"line":2,"column":6}}]},"63":{"type":"branch","line":2,"loc":{"start":{"line":2,"column":0},"end":{"line":2,"column":6}},"locations":[{"start":{"line":2,"column":0},"end":{"line":2,"column":6}}]},"64":{"type":"branch","line":2,"loc":{"start":{"line":2,"column":0},"end":{"line":2,"column":6}},"locations":[{"start":{"line":2,"column":0},"end":{"line":2,"column":6}}]},"65":{"type":"branch","line":2,"loc":{"start":{"line":2,"column":0},"end":{"line":2,"column":6}},"locations":[{"start":{"line":2,"column":0},"end":{"line":2,"column":6}}]},"66":{"type":"branch","line":2,"loc":{"start":{"line":2,"column":0},"end":{"line":2,"column":6}},"locations":[{"start":{"line":2,"column":0},"end":{"line":2,"column":6}}]},"67":{"type":"branch","line":2,"loc":{"start":{"line":2,"column":0},"end":{"line":2,"column":6}},"locations":[{"start":{"line":2,"column":0},"end":{"line":2,"column":6}}]},"68":{"type":"branch","line":15,"loc":{"start":{"line":15,"column":13},"end":{"line":15,"column":16}},"locations":[{"start":{"line":15,"column":13},"end":{"line":15,"column":16}}]},"69":{"type":"branch","line":15,"loc":{"start":{"line":15,"column":16},"end":{"line":80,"column":72}},"locations":[{"start":{"line":15,"column":16},"end":{"line":80,"column":72}}]},"70":{"type":"branch","line":15,"loc":{"start":{"line":15,"column":29},"end":{"line":80,"column":72}},"locations":[{"start":{"line":15,"column":29},"end":{"line":80,"column":72}}]},"71":{"type":"branch","line":15,"loc":{"start":{"line":15,"column":29},"end":{"line":80,"column":72}},"locations":[{"start":{"line":15,"column":29},"end":{"line":80,"column":72}}]},"72":{"type":"branch","line":15,"loc":{"start":{"line":15,"column":29},"end":{"line":30,"column":74}},"locations":[{"start":{"line":15,"column":29},"end":{"line":30,"column":74}}]},"73":{"type":"branch","line":29,"loc":{"start":{"line":29,"column":16},"end":{"line":30,"column":74}},"locations":[{"start":{"line":29,"column":16},"end":{"line":30,"column":74}}]},"74":{"type":"branch","line":31,"loc":{"start":{"line":31,"column":-2},"end":{"line":33,"column":56}},"locations":[{"start":{"line":31,"column":-2},"end":{"line":33,"column":56}}]},"75":{"type":"branch","line":34,"loc":{"start":{"line":34,"column":-2},"end":{"line":34,"column":52}},"locations":[{"start":{"line":34,"column":-2},"end":{"line":34,"column":52}}]},"76":{"type":"branch","line":35,"loc":{"start":{"line":35,"column":-2},"end":{"line":43,"column":40}},"locations":[{"start":{"line":35,"column":-2},"end":{"line":43,"column":40}}]},"77":{"type":"branch","line":44,"loc":{"start":{"line":44,"column":-2},"end":{"line":48,"column":19}},"locations":[{"start":{"line":44,"column":-2},"end":{"line":48,"column":19}}]},"78":{"type":"branch","line":45,"loc":{"start":{"line":45,"column":34},"end":{"line":48,"column":19}},"locations":[{"start":{"line":45,"column":34},"end":{"line":48,"column":19}}]},"79":{"type":"branch","line":48,"loc":{"start":{"line":48,"column":18},"end":{"line":50,"column":92}},"locations":[{"start":{"line":48,"column":18},"end":{"line":50,"column":92}}]},"80":{"type":"branch","line":51,"loc":{"start":{"line":51,"column":-2},"end":{"line":57,"column":103}},"locations":[{"start":{"line":51,"column":-2},"end":{"line":57,"column":103}}]},"81":{"type":"branch","line":57,"loc":{"start":{"line":57,"column":102},"end":{"line":64,"column":104}},"locations":[{"start":{"line":57,"column":102},"end":{"line":64,"column":104}}]},"82":{"type":"branch","line":64,"loc":{"start":{"line":64,"column":103},"end":{"line":67,"column":116}},"locations":[{"start":{"line":64,"column":103},"end":{"line":67,"column":116}}]},"83":{"type":"branch","line":67,"loc":{"start":{"line":67,"column":115},"end":{"line":70,"column":109}},"locations":[{"start":{"line":67,"column":115},"end":{"line":70,"column":109}}]},"84":{"type":"branch","line":70,"loc":{"start":{"line":70,"column":108},"end":{"line":73,"column":106}},"locations":[{"start":{"line":70,"column":108},"end":{"line":73,"column":106}}]},"85":{"type":"branch","line":73,"loc":{"start":{"line":73,"column":105},"end":{"line":76,"column":108}},"locations":[{"start":{"line":73,"column":105},"end":{"line":76,"column":108}}]},"86":{"type":"branch","line":76,"loc":{"start":{"line":76,"column":107},"end":{"line":80,"column":72}},"locations":[{"start":{"line":76,"column":107},"end":{"line":80,"column":72}}]},"87":{"type":"branch","line":80,"loc":{"start":{"line":80,"column":71},"end":{"line":80,"column":72}},"locations":[{"start":{"line":80,"column":71},"end":{"line":80,"column":72}}]},"88":{"type":"branch","line":80,"loc":{"start":{"line":80,"column":71},"end":{"line":80,"column":72}},"locations":[{"start":{"line":80,"column":71},"end":{"line":80,"column":72}}]},"89":{"type":"branch","line":84,"loc":{"start":{"line":84,"column":16},"end":{"line":84,"column":19}},"locations":[{"start":{"line":84,"column":16},"end":{"line":84,"column":19}}]},"90":{"type":"branch","line":84,"loc":{"start":{"line":84,"column":19},"end":{"line":100,"column":51}},"locations":[{"start":{"line":84,"column":19},"end":{"line":100,"column":51}}]},"91":{"type":"branch","line":84,"loc":{"start":{"line":84,"column":32},"end":{"line":100,"column":51}},"locations":[{"start":{"line":84,"column":32},"end":{"line":100,"column":51}}]},"92":{"type":"branch","line":84,"loc":{"start":{"line":84,"column":32},"end":{"line":100,"column":51}},"locations":[{"start":{"line":84,"column":32},"end":{"line":100,"column":51}}]},"93":{"type":"branch","line":84,"loc":{"start":{"line":84,"column":32},"end":{"line":87,"column":52}},"locations":[{"start":{"line":84,"column":32},"end":{"line":87,"column":52}}]},"94":{"type":"branch","line":88,"loc":{"start":{"line":88,"column":-2},"end":{"line":88,"column":106}},"locations":[{"start":{"line":88,"column":-2},"end":{"line":88,"column":106}}]},"95":{"type":"branch","line":88,"loc":{"start":{"line":88,"column":105},"end":{"line":92,"column":65}},"locations":[{"start":{"line":88,"column":105},"end":{"line":92,"column":65}}]},"96":{"type":"branch","line":91,"loc":{"start":{"line":91,"column":25},"end":{"line":92,"column":65}},"locations":[{"start":{"line":91,"column":25},"end":{"line":92,"column":65}}]},"97":{"type":"branch","line":93,"loc":{"start":{"line":93,"column":-2},"end":{"line":95,"column":67}},"locations":[{"start":{"line":93,"column":-2},"end":{"line":95,"column":67}}]},"98":{"type":"branch","line":96,"loc":{"start":{"line":96,"column":-2},"end":{"line":100,"column":51}},"locations":[{"start":{"line":96,"column":-2},"end":{"line":100,"column":51}}]},"99":{"type":"branch","line":103,"loc":{"start":{"line":103,"column":16},"end":{"line":103,"column":19}},"locations":[{"start":{"line":103,"column":16},"end":{"line":103,"column":19}}]},"100":{"type":"branch","line":116,"loc":{"start":{"line":116,"column":15},"end":{"line":116,"column":18}},"locations":[{"start":{"line":116,"column":15},"end":{"line":116,"column":18}}]},"101":{"type":"branch","line":116,"loc":{"start":{"line":116,"column":18},"end":{"line":139,"column":39}},"locations":[{"start":{"line":116,"column":18},"end":{"line":139,"column":39}}]},"102":{"type":"branch","line":116,"loc":{"start":{"line":116,"column":31},"end":{"line":139,"column":39}},"locations":[{"start":{"line":116,"column":31},"end":{"line":139,"column":39}}]},"103":{"type":"branch","line":116,"loc":{"start":{"line":116,"column":31},"end":{"line":139,"column":39}},"locations":[{"start":{"line":116,"column":31},"end":{"line":139,"column":39}}]},"104":{"type":"branch","line":116,"loc":{"start":{"line":116,"column":31},"end":{"line":120,"column":56}},"locations":[{"start":{"line":116,"column":31},"end":{"line":120,"column":56}}]},"105":{"type":"branch","line":121,"loc":{"start":{"line":121,"column":-2},"end":{"line":122,"column":52}},"locations":[{"start":{"line":121,"column":-2},"end":{"line":122,"column":52}}]},"106":{"type":"branch","line":123,"loc":{"start":{"line":123,"column":-2},"end":{"line":126,"column":30}},"locations":[{"start":{"line":123,"column":-2},"end":{"line":126,"column":30}}]},"107":{"type":"branch","line":126,"loc":{"start":{"line":126,"column":29},"end":{"line":132,"column":15}},"locations":[{"start":{"line":126,"column":29},"end":{"line":132,"column":15}}]},"108":{"type":"branch","line":129,"loc":{"start":{"line":129,"column":30},"end":{"line":132,"column":15}},"locations":[{"start":{"line":129,"column":30},"end":{"line":132,"column":15}}]},"109":{"type":"branch","line":132,"loc":{"start":{"line":132,"column":14},"end":{"line":134,"column":76}},"locations":[{"start":{"line":132,"column":14},"end":{"line":134,"column":76}}]},"110":{"type":"branch","line":135,"loc":{"start":{"line":135,"column":-2},"end":{"line":139,"column":39}},"locations":[{"start":{"line":135,"column":-2},"end":{"line":139,"column":39}}]},"111":{"type":"branch","line":142,"loc":{"start":{"line":142,"column":15},"end":{"line":142,"column":18}},"locations":[{"start":{"line":142,"column":15},"end":{"line":142,"column":18}}]},"112":{"type":"branch","line":142,"loc":{"start":{"line":142,"column":18},"end":{"line":181,"column":82}},"locations":[{"start":{"line":142,"column":18},"end":{"line":181,"column":82}}]},"113":{"type":"branch","line":142,"loc":{"start":{"line":142,"column":31},"end":{"line":181,"column":82}},"locations":[{"start":{"line":142,"column":31},"end":{"line":181,"column":82}}]},"114":{"type":"branch","line":142,"loc":{"start":{"line":142,"column":31},"end":{"line":181,"column":82}},"locations":[{"start":{"line":142,"column":31},"end":{"line":181,"column":82}}]},"115":{"type":"branch","line":142,"loc":{"start":{"line":142,"column":31},"end":{"line":148,"column":74}},"locations":[{"start":{"line":142,"column":31},"end":{"line":148,"column":74}}]},"116":{"type":"branch","line":147,"loc":{"start":{"line":147,"column":16},"end":{"line":148,"column":74}},"locations":[{"start":{"line":147,"column":16},"end":{"line":148,"column":74}}]},"117":{"type":"branch","line":149,"loc":{"start":{"line":149,"column":-2},"end":{"line":151,"column":52}},"locations":[{"start":{"line":149,"column":-2},"end":{"line":151,"column":52}}]},"118":{"type":"branch","line":152,"loc":{"start":{"line":152,"column":-2},"end":{"line":152,"column":102}},"locations":[{"start":{"line":152,"column":-2},"end":{"line":152,"column":102}}]},"119":{"type":"branch","line":152,"loc":{"start":{"line":152,"column":100},"end":{"line":159,"column":72}},"locations":[{"start":{"line":152,"column":100},"end":{"line":159,"column":72}}]},"120":{"type":"branch","line":157,"loc":{"start":{"line":157,"column":15},"end":{"line":157,"column":17}},"locations":[{"start":{"line":157,"column":15},"end":{"line":157,"column":17}}]},"121":{"type":"branch","line":160,"loc":{"start":{"line":160,"column":-2},"end":{"line":170,"column":18}},"locations":[{"start":{"line":160,"column":-2},"end":{"line":170,"column":18}}]},"122":{"type":"branch","line":160,"loc":{"start":{"line":160,"column":25},"end":{"line":160,"column":27}},"locations":[{"start":{"line":160,"column":25},"end":{"line":160,"column":27}}]},"123":{"type":"branch","line":171,"loc":{"start":{"line":171,"column":-2},"end":{"line":174,"column":18}},"locations":[{"start":{"line":171,"column":-2},"end":{"line":174,"column":18}}]},"124":{"type":"branch","line":175,"loc":{"start":{"line":175,"column":-2},"end":{"line":177,"column":117}},"locations":[{"start":{"line":175,"column":-2},"end":{"line":177,"column":117}}]},"125":{"type":"branch","line":178,"loc":{"start":{"line":178,"column":-2},"end":{"line":181,"column":82}},"locations":[{"start":{"line":178,"column":-2},"end":{"line":181,"column":82}}]},"126":{"type":"branch","line":185,"loc":{"start":{"line":185,"column":16},"end":{"line":185,"column":19}},"locations":[{"start":{"line":185,"column":16},"end":{"line":185,"column":19}}]},"127":{"type":"branch","line":185,"loc":{"start":{"line":185,"column":19},"end":{"line":237,"column":51}},"locations":[{"start":{"line":185,"column":19},"end":{"line":237,"column":51}}]},"128":{"type":"branch","line":185,"loc":{"start":{"line":185,"column":32},"end":{"line":237,"column":51}},"locations":[{"start":{"line":185,"column":32},"end":{"line":237,"column":51}}]},"129":{"type":"branch","line":185,"loc":{"start":{"line":185,"column":32},"end":{"line":237,"column":51}},"locations":[{"start":{"line":185,"column":32},"end":{"line":237,"column":51}}]},"130":{"type":"branch","line":185,"loc":{"start":{"line":185,"column":32},"end":{"line":192,"column":74}},"locations":[{"start":{"line":185,"column":32},"end":{"line":192,"column":74}}]},"131":{"type":"branch","line":191,"loc":{"start":{"line":191,"column":16},"end":{"line":191,"column":18}},"locations":[{"start":{"line":191,"column":16},"end":{"line":191,"column":18}}]},"132":{"type":"branch","line":191,"loc":{"start":{"line":191,"column":16},"end":{"line":192,"column":74}},"locations":[{"start":{"line":191,"column":16},"end":{"line":192,"column":74}}]},"133":{"type":"branch","line":193,"loc":{"start":{"line":193,"column":-2},"end":{"line":196,"column":52}},"locations":[{"start":{"line":193,"column":-2},"end":{"line":196,"column":52}}]},"134":{"type":"branch","line":197,"loc":{"start":{"line":197,"column":-2},"end":{"line":203,"column":38}},"locations":[{"start":{"line":197,"column":-2},"end":{"line":203,"column":38}}]},"135":{"type":"branch","line":204,"loc":{"start":{"line":204,"column":-2},"end":{"line":209,"column":19}},"locations":[{"start":{"line":204,"column":-2},"end":{"line":209,"column":19}}]},"136":{"type":"branch","line":206,"loc":{"start":{"line":206,"column":34},"end":{"line":209,"column":19}},"locations":[{"start":{"line":206,"column":34},"end":{"line":209,"column":19}}]},"137":{"type":"branch","line":209,"loc":{"start":{"line":209,"column":18},"end":{"line":211,"column":100}},"locations":[{"start":{"line":209,"column":18},"end":{"line":211,"column":100}}]},"138":{"type":"branch","line":212,"loc":{"start":{"line":212,"column":-2},"end":{"line":217,"column":136}},"locations":[{"start":{"line":212,"column":-2},"end":{"line":217,"column":136}}]},"139":{"type":"branch","line":217,"loc":{"start":{"line":217,"column":135},"end":{"line":224,"column":104}},"locations":[{"start":{"line":217,"column":135},"end":{"line":224,"column":104}}]},"140":{"type":"branch","line":224,"loc":{"start":{"line":224,"column":103},"end":{"line":227,"column":116}},"locations":[{"start":{"line":224,"column":103},"end":{"line":227,"column":116}}]},"141":{"type":"branch","line":227,"loc":{"start":{"line":227,"column":115},"end":{"line":230,"column":109}},"locations":[{"start":{"line":227,"column":115},"end":{"line":230,"column":109}}]},"142":{"type":"branch","line":230,"loc":{"start":{"line":230,"column":108},"end":{"line":233,"column":106}},"locations":[{"start":{"line":230,"column":108},"end":{"line":233,"column":106}}]},"143":{"type":"branch","line":233,"loc":{"start":{"line":233,"column":105},"end":{"line":237,"column":51}},"locations":[{"start":{"line":233,"column":105},"end":{"line":237,"column":51}}]},"144":{"type":"branch","line":241,"loc":{"start":{"line":241,"column":16},"end":{"line":241,"column":19}},"locations":[{"start":{"line":241,"column":16},"end":{"line":241,"column":19}}]},"145":{"type":"branch","line":241,"loc":{"start":{"line":241,"column":19},"end":{"line":253,"column":72}},"locations":[{"start":{"line":241,"column":19},"end":{"line":253,"column":72}}]},"146":{"type":"branch","line":241,"loc":{"start":{"line":241,"column":32},"end":{"line":253,"column":72}},"locations":[{"start":{"line":241,"column":32},"end":{"line":253,"column":72}}]},"147":{"type":"branch","line":241,"loc":{"start":{"line":241,"column":32},"end":{"line":244,"column":52}},"locations":[{"start":{"line":241,"column":32},"end":{"line":244,"column":52}}]},"148":{"type":"branch","line":245,"loc":{"start":{"line":245,"column":-2},"end":{"line":247,"column":39}},"locations":[{"start":{"line":245,"column":-2},"end":{"line":247,"column":39}}]},"149":{"type":"branch","line":247,"loc":{"start":{"line":247,"column":38},"end":{"line":250,"column":65}},"locations":[{"start":{"line":247,"column":38},"end":{"line":250,"column":65}}]},"150":{"type":"branch","line":251,"loc":{"start":{"line":251,"column":-2},"end":{"line":253,"column":72}},"locations":[{"start":{"line":251,"column":-2},"end":{"line":253,"column":72}}]},"151":{"type":"branch","line":253,"loc":{"start":{"line":253,"column":71},"end":{"line":253,"column":72}},"locations":[{"start":{"line":253,"column":71},"end":{"line":253,"column":72}}]},"152":{"type":"branch","line":253,"loc":{"start":{"line":253,"column":71},"end":{"line":253,"column":72}},"locations":[{"start":{"line":253,"column":71},"end":{"line":253,"column":72}}]},"153":{"type":"branch","line":257,"loc":{"start":{"line":257,"column":16},"end":{"line":257,"column":19}},"locations":[{"start":{"line":257,"column":16},"end":{"line":257,"column":19}}]},"154":{"type":"branch","line":257,"loc":{"start":{"line":257,"column":19},"end":{"line":274,"column":44}},"locations":[{"start":{"line":257,"column":19},"end":{"line":274,"column":44}}]},"155":{"type":"branch","line":257,"loc":{"start":{"line":257,"column":32},"end":{"line":274,"column":44}},"locations":[{"start":{"line":257,"column":32},"end":{"line":274,"column":44}}]},"156":{"type":"branch","line":257,"loc":{"start":{"line":257,"column":32},"end":{"line":274,"column":44}},"locations":[{"start":{"line":257,"column":32},"end":{"line":274,"column":44}}]},"157":{"type":"branch","line":257,"loc":{"start":{"line":257,"column":32},"end":{"line":260,"column":52}},"locations":[{"start":{"line":257,"column":32},"end":{"line":260,"column":52}}]},"158":{"type":"branch","line":261,"loc":{"start":{"line":261,"column":-2},"end":{"line":263,"column":35}},"locations":[{"start":{"line":261,"column":-2},"end":{"line":263,"column":35}}]},"159":{"type":"branch","line":263,"loc":{"start":{"line":263,"column":34},"end":{"line":268,"column":15}},"locations":[{"start":{"line":263,"column":34},"end":{"line":268,"column":15}}]},"160":{"type":"branch","line":265,"loc":{"start":{"line":265,"column":33},"end":{"line":268,"column":15}},"locations":[{"start":{"line":265,"column":33},"end":{"line":268,"column":15}}]},"161":{"type":"branch","line":268,"loc":{"start":{"line":268,"column":14},"end":{"line":270,"column":96}},"locations":[{"start":{"line":268,"column":14},"end":{"line":270,"column":96}}]},"162":{"type":"branch","line":271,"loc":{"start":{"line":271,"column":-2},"end":{"line":274,"column":44}},"locations":[{"start":{"line":271,"column":-2},"end":{"line":274,"column":44}}]},"163":{"type":"branch","line":278,"loc":{"start":{"line":278,"column":16},"end":{"line":278,"column":19}},"locations":[{"start":{"line":278,"column":16},"end":{"line":278,"column":19}}]},"164":{"type":"branch","line":278,"loc":{"start":{"line":278,"column":19},"end":{"line":307,"column":72}},"locations":[{"start":{"line":278,"column":19},"end":{"line":307,"column":72}}]},"165":{"type":"branch","line":278,"loc":{"start":{"line":278,"column":33},"end":{"line":307,"column":72}},"locations":[{"start":{"line":278,"column":33},"end":{"line":307,"column":72}}]},"166":{"type":"branch","line":278,"loc":{"start":{"line":278,"column":33},"end":{"line":307,"column":72}},"locations":[{"start":{"line":278,"column":33},"end":{"line":307,"column":72}}]},"167":{"type":"branch","line":278,"loc":{"start":{"line":278,"column":33},"end":{"line":284,"column":74}},"locations":[{"start":{"line":278,"column":33},"end":{"line":284,"column":74}}]},"168":{"type":"branch","line":283,"loc":{"start":{"line":283,"column":16},"end":{"line":284,"column":74}},"locations":[{"start":{"line":283,"column":16},"end":{"line":284,"column":74}}]},"169":{"type":"branch","line":285,"loc":{"start":{"line":285,"column":-2},"end":{"line":288,"column":52}},"locations":[{"start":{"line":285,"column":-2},"end":{"line":288,"column":52}}]},"170":{"type":"branch","line":289,"loc":{"start":{"line":289,"column":-2},"end":{"line":293,"column":35}},"locations":[{"start":{"line":289,"column":-2},"end":{"line":293,"column":35}}]},"171":{"type":"branch","line":293,"loc":{"start":{"line":293,"column":34},"end":{"line":298,"column":15}},"locations":[{"start":{"line":293,"column":34},"end":{"line":298,"column":15}}]},"172":{"type":"branch","line":295,"loc":{"start":{"line":295,"column":30},"end":{"line":298,"column":15}},"locations":[{"start":{"line":295,"column":30},"end":{"line":298,"column":15}}]},"173":{"type":"branch","line":298,"loc":{"start":{"line":298,"column":14},"end":{"line":300,"column":73}},"locations":[{"start":{"line":298,"column":14},"end":{"line":300,"column":73}}]},"174":{"type":"branch","line":301,"loc":{"start":{"line":301,"column":-2},"end":{"line":305,"column":90}},"locations":[{"start":{"line":301,"column":-2},"end":{"line":305,"column":90}}]},"175":{"type":"branch","line":306,"loc":{"start":{"line":306,"column":-2},"end":{"line":307,"column":72}},"locations":[{"start":{"line":306,"column":-2},"end":{"line":307,"column":72}}]},"176":{"type":"branch","line":307,"loc":{"start":{"line":307,"column":71},"end":{"line":307,"column":72}},"locations":[{"start":{"line":307,"column":71},"end":{"line":307,"column":72}}]},"177":{"type":"branch","line":307,"loc":{"start":{"line":307,"column":71},"end":{"line":307,"column":72}},"locations":[{"start":{"line":307,"column":71},"end":{"line":307,"column":72}}]},"178":{"type":"branch","line":311,"loc":{"start":{"line":311,"column":26},"end":{"line":311,"column":29}},"locations":[{"start":{"line":311,"column":26},"end":{"line":311,"column":29}}]},"179":{"type":"branch","line":311,"loc":{"start":{"line":311,"column":29},"end":{"line":327,"column":44}},"locations":[{"start":{"line":311,"column":29},"end":{"line":327,"column":44}}]},"180":{"type":"branch","line":311,"loc":{"start":{"line":311,"column":42},"end":{"line":327,"column":44}},"locations":[{"start":{"line":311,"column":42},"end":{"line":327,"column":44}}]},"181":{"type":"branch","line":311,"loc":{"start":{"line":311,"column":42},"end":{"line":315,"column":52}},"locations":[{"start":{"line":311,"column":42},"end":{"line":315,"column":52}}]},"182":{"type":"branch","line":316,"loc":{"start":{"line":316,"column":-2},"end":{"line":318,"column":45}},"locations":[{"start":{"line":316,"column":-2},"end":{"line":318,"column":45}}]},"183":{"type":"branch","line":318,"loc":{"start":{"line":318,"column":44},"end":{"line":322,"column":59}},"locations":[{"start":{"line":318,"column":44},"end":{"line":322,"column":59}}]},"184":{"type":"branch","line":323,"loc":{"start":{"line":323,"column":-2},"end":{"line":327,"column":44}},"locations":[{"start":{"line":323,"column":-2},"end":{"line":327,"column":44}}]},"185":{"type":"branch","line":331,"loc":{"start":{"line":331,"column":14},"end":{"line":331,"column":17}},"locations":[{"start":{"line":331,"column":14},"end":{"line":331,"column":17}}]},"186":{"type":"branch","line":331,"loc":{"start":{"line":331,"column":17},"end":{"line":355,"column":39}},"locations":[{"start":{"line":331,"column":17},"end":{"line":355,"column":39}}]},"187":{"type":"branch","line":331,"loc":{"start":{"line":331,"column":31},"end":{"line":355,"column":39}},"locations":[{"start":{"line":331,"column":31},"end":{"line":355,"column":39}}]},"188":{"type":"branch","line":331,"loc":{"start":{"line":331,"column":31},"end":{"line":355,"column":39}},"locations":[{"start":{"line":331,"column":31},"end":{"line":355,"column":39}}]},"189":{"type":"branch","line":331,"loc":{"start":{"line":331,"column":31},"end":{"line":337,"column":74}},"locations":[{"start":{"line":331,"column":31},"end":{"line":337,"column":74}}]},"190":{"type":"branch","line":336,"loc":{"start":{"line":336,"column":16},"end":{"line":336,"column":18}},"locations":[{"start":{"line":336,"column":16},"end":{"line":336,"column":18}}]},"191":{"type":"branch","line":336,"loc":{"start":{"line":336,"column":16},"end":{"line":337,"column":74}},"locations":[{"start":{"line":336,"column":16},"end":{"line":337,"column":74}}]},"192":{"type":"branch","line":338,"loc":{"start":{"line":338,"column":-2},"end":{"line":340,"column":52}},"locations":[{"start":{"line":338,"column":-2},"end":{"line":340,"column":52}}]},"193":{"type":"branch","line":341,"loc":{"start":{"line":341,"column":-2},"end":{"line":344,"column":33}},"locations":[{"start":{"line":341,"column":-2},"end":{"line":344,"column":33}}]},"194":{"type":"branch","line":344,"loc":{"start":{"line":344,"column":32},"end":{"line":349,"column":15}},"locations":[{"start":{"line":344,"column":32},"end":{"line":349,"column":15}}]},"195":{"type":"branch","line":346,"loc":{"start":{"line":346,"column":30},"end":{"line":349,"column":15}},"locations":[{"start":{"line":346,"column":30},"end":{"line":349,"column":15}}]},"196":{"type":"branch","line":349,"loc":{"start":{"line":349,"column":14},"end":{"line":351,"column":75}},"locations":[{"start":{"line":349,"column":14},"end":{"line":351,"column":75}}]},"197":{"type":"branch","line":352,"loc":{"start":{"line":352,"column":-2},"end":{"line":355,"column":39}},"locations":[{"start":{"line":352,"column":-2},"end":{"line":355,"column":39}}]},"198":{"type":"branch","line":360,"loc":{"start":{"line":360,"column":15},"end":{"line":360,"column":18}},"locations":[{"start":{"line":360,"column":15},"end":{"line":360,"column":18}}]},"199":{"type":"branch","line":360,"loc":{"start":{"line":360,"column":18},"end":{"line":373,"column":44}},"locations":[{"start":{"line":360,"column":18},"end":{"line":373,"column":44}}]},"200":{"type":"branch","line":360,"loc":{"start":{"line":360,"column":31},"end":{"line":373,"column":44}},"locations":[{"start":{"line":360,"column":31},"end":{"line":373,"column":44}}]},"201":{"type":"branch","line":360,"loc":{"start":{"line":360,"column":31},"end":{"line":364,"column":52}},"locations":[{"start":{"line":360,"column":31},"end":{"line":364,"column":52}}]},"202":{"type":"branch","line":365,"loc":{"start":{"line":365,"column":-2},"end":{"line":367,"column":34}},"locations":[{"start":{"line":365,"column":-2},"end":{"line":367,"column":34}}]},"203":{"type":"branch","line":367,"loc":{"start":{"line":367,"column":33},"end":{"line":371,"column":59}},"locations":[{"start":{"line":367,"column":33},"end":{"line":371,"column":59}}]},"204":{"type":"branch","line":372,"loc":{"start":{"line":372,"column":-2},"end":{"line":373,"column":44}},"locations":[{"start":{"line":372,"column":-2},"end":{"line":373,"column":44}}]},"205":{"type":"branch","line":377,"loc":{"start":{"line":377,"column":15},"end":{"line":377,"column":18}},"locations":[{"start":{"line":377,"column":15},"end":{"line":377,"column":18}}]},"206":{"type":"branch","line":377,"loc":{"start":{"line":377,"column":18},"end":{"line":390,"column":44}},"locations":[{"start":{"line":377,"column":18},"end":{"line":390,"column":44}}]},"207":{"type":"branch","line":377,"loc":{"start":{"line":377,"column":32},"end":{"line":390,"column":44}},"locations":[{"start":{"line":377,"column":32},"end":{"line":390,"column":44}}]},"208":{"type":"branch","line":377,"loc":{"start":{"line":377,"column":32},"end":{"line":381,"column":52}},"locations":[{"start":{"line":377,"column":32},"end":{"line":381,"column":52}}]},"209":{"type":"branch","line":382,"loc":{"start":{"line":382,"column":-2},"end":{"line":384,"column":34}},"locations":[{"start":{"line":382,"column":-2},"end":{"line":384,"column":34}}]},"210":{"type":"branch","line":384,"loc":{"start":{"line":384,"column":33},"end":{"line":388,"column":59}},"locations":[{"start":{"line":384,"column":33},"end":{"line":388,"column":59}}]},"211":{"type":"branch","line":389,"loc":{"start":{"line":389,"column":-2},"end":{"line":390,"column":44}},"locations":[{"start":{"line":389,"column":-2},"end":{"line":390,"column":44}}]},"212":{"type":"branch","line":396,"loc":{"start":{"line":396,"column":16},"end":{"line":396,"column":19}},"locations":[{"start":{"line":396,"column":16},"end":{"line":396,"column":19}}]},"213":{"type":"branch","line":396,"loc":{"start":{"line":396,"column":19},"end":{"line":406,"column":10}},"locations":[{"start":{"line":396,"column":19},"end":{"line":406,"column":10}}]},"214":{"type":"branch","line":396,"loc":{"start":{"line":396,"column":32},"end":{"line":406,"column":10}},"locations":[{"start":{"line":396,"column":32},"end":{"line":406,"column":10}}]},"215":{"type":"branch","line":396,"loc":{"start":{"line":396,"column":32},"end":{"line":406,"column":10}},"locations":[{"start":{"line":396,"column":32},"end":{"line":406,"column":10}}]},"216":{"type":"branch","line":396,"loc":{"start":{"line":396,"column":32},"end":{"line":401,"column":10}},"locations":[{"start":{"line":396,"column":32},"end":{"line":401,"column":10}}]},"217":{"type":"branch","line":397,"loc":{"start":{"line":397,"column":15},"end":{"line":401,"column":10}},"locations":[{"start":{"line":397,"column":15},"end":{"line":401,"column":10}}]},"218":{"type":"branch","line":402,"loc":{"start":{"line":402,"column":-2},"end":{"line":406,"column":10}},"locations":[{"start":{"line":402,"column":-2},"end":{"line":406,"column":10}}]}},"b":{"0":[1],"1":[0],"2":[0],"3":[0],"4":[0],"5":[0],"6":[0],"7":[38],"8":[13],"9":[25],"10":[0],"11":[2],"12":[93],"13":[0],"14":[2],"15":[6],"16":[68],"17":[25],"18":[68],"19":[0],"20":[0],"21":[93],"22":[0],"23":[68],"24":[25],"25":[0],"26":[25],"27":[68],"28":[25],"29":[68],"30":[0],"31":[23],"32":[0],"33":[48],"34":[25],"35":[1],"36":[0],"37":[0],"38":[0],"39":[14],"40":[0],"41":[25],"42":[0],"43":[25],"44":[0],"45":[50],"46":[96],"47":[46],"48":[0],"49":[0],"50":[0],"51":[0],"52":[0],"53":[0],"54":[0],"55":[0],"56":[50],"57":[0],"58":[0],"59":[0],"60":[68],"61":[0],"62":[25],"63":[43],"64":[14],"65":[25],"66":[25],"67":[68],"68":[1],"69":[2],"70":[10],"71":[13],"72":[2],"73":[0],"74":[2],"75":[2],"76":[2],"77":[2],"78":[1],"79":[1],"80":[0],"81":[0],"82":[0],"83":[0],"84":[0],"85":[0],"86":[0],"87":[0],"88":[2],"89":[1],"90":[2],"91":[8],"92":[9],"93":[2],"94":[2],"95":[2],"96":[1],"97":[1],"98":[0],"99":[1],"100":[1],"101":[2],"102":[10],"103":[11],"104":[2],"105":[2],"106":[2],"107":[2],"108":[1],"109":[1],"110":[0],"111":[1],"112":[1],"113":[5],"114":[6],"115":[1],"116":[0],"117":[1],"118":[1],"119":[1],"120":[0],"121":[1],"122":[0],"123":[0],"124":[0],"125":[0],"126":[1],"127":[5],"128":[14],"129":[17],"130":[5],"131":[2],"132":[3],"133":[2],"134":[2],"135":[2],"136":[1],"137":[1],"138":[0],"139":[0],"140":[0],"141":[0],"142":[0],"143":[0],"144":[1],"145":[1],"146":[4],"147":[1],"148":[1],"149":[1],"150":[0],"151":[0],"152":[1],"153":[1],"154":[2],"155":[8],"156":[9],"157":[2],"158":[2],"159":[2],"160":[1],"161":[1],"162":[0],"163":[1],"164":[2],"165":[8],"166":[11],"167":[2],"168":[0],"169":[2],"170":[2],"171":[2],"172":[1],"173":[1],"174":[0],"175":[0],"176":[0],"177":[2],"178":[1],"179":[1],"180":[4],"181":[1],"182":[1],"183":[1],"184":[0],"185":[1],"186":[3],"187":[10],"188":[13],"189":[3],"190":[2],"191":[1],"192":[2],"193":[2],"194":[2],"195":[1],"196":[1],"197":[0],"198":[1],"199":[1],"200":[4],"201":[1],"202":[1],"203":[1],"204":[0],"205":[1],"206":[1],"207":[4],"208":[1],"209":[1],"210":[1],"211":[0],"212":[1],"213":[2],"214":[4],"215":[5],"216":[2],"217":[1],"218":[1]},"fnMap":{"0":{"name":"_regeneratorRuntime","decl":{"start":{"line":2,"column":0},"end":{"line":2,"column":6}},"loc":{"start":{"line":2,"column":0},"end":{"line":2,"column":6}},"line":2},"1":{"name":"_regeneratorRuntime","decl":{"start":{"line":2,"column":0},"end":{"line":2,"column":6}},"loc":{"start":{"line":2,"column":0},"end":{"line":2,"column":6}},"line":2},"2":{"name":"defineProperty","decl":{"start":{"line":2,"column":0},"end":{"line":2,"column":6}},"loc":{"start":{"line":2,"column":0},"end":{"line":2,"column":6}},"line":2},"3":{"name":"define","decl":{"start":{"line":2,"column":0},"end":{"line":2,"column":6}},"loc":{"start":{"line":2,"column":0},"end":{"line":2,"column":6}},"line":2},"4":{"name":"define","decl":{"start":{"line":2,"column":0},"end":{"line":2,"column":6}},"loc":{"start":{"line":2,"column":0},"end":{"line":2,"column":6}},"line":2},"5":{"name":"wrap","decl":{"start":{"line":2,"column":0},"end":{"line":2,"column":6}},"loc":{"start":{"line":2,"column":0},"end":{"line":2,"column":6}},"line":2},"6":{"name":"tryCatch","decl":{"start":{"line":2,"column":0},"end":{"line":2,"column":6}},"loc":{"start":{"line":2,"column":0},"end":{"line":2,"column":6}},"line":2},"7":{"name":"Generator","decl":{"start":{"line":2,"column":0},"end":{"line":2,"column":6}},"loc":{"start":{"line":2,"column":0},"end":{"line":2,"column":6}},"line":2},"8":{"name":"GeneratorFunction","decl":{"start":{"line":2,"column":0},"end":{"line":2,"column":6}},"loc":{"start":{"line":2,"column":0},"end":{"line":2,"column":6}},"line":2},"9":{"name":"GeneratorFunctionPrototype","decl":{"start":{"line":2,"column":0},"end":{"line":2,"column":6}},"loc":{"start":{"line":2,"column":0},"end":{"line":2,"column":6}},"line":2},"10":{"name":"defineIteratorMethods","decl":{"start":{"line":2,"column":0},"end":{"line":2,"column":6}},"loc":{"start":{"line":2,"column":0},"end":{"line":2,"column":6}},"line":2},"11":{"name":"AsyncIterator","decl":{"start":{"line":2,"column":0},"end":{"line":2,"column":6}},"loc":{"start":{"line":2,"column":0},"end":{"line":2,"column":6}},"line":2},"12":{"name":"makeInvokeMethod","decl":{"start":{"line":2,"column":0},"end":{"line":2,"column":6}},"loc":{"start":{"line":2,"column":0},"end":{"line":2,"column":6}},"line":2},"13":{"name":"maybeInvokeDelegate","decl":{"start":{"line":2,"column":0},"end":{"line":2,"column":6}},"loc":{"start":{"line":2,"column":0},"end":{"line":2,"column":6}},"line":2},"14":{"name":"pushTryEntry","decl":{"start":{"line":2,"column":0},"end":{"line":2,"column":6}},"loc":{"start":{"line":2,"column":0},"end":{"line":2,"column":6}},"line":2},"15":{"name":"resetTryEntry","decl":{"start":{"line":2,"column":0},"end":{"line":2,"column":6}},"loc":{"start":{"line":2,"column":0},"end":{"line":2,"column":6}},"line":2},"16":{"name":"Context","decl":{"start":{"line":2,"column":0},"end":{"line":2,"column":6}},"loc":{"start":{"line":2,"column":0},"end":{"line":2,"column":6}},"line":2},"17":{"name":"values","decl":{"start":{"line":2,"column":0},"end":{"line":2,"column":6}},"loc":{"start":{"line":2,"column":0},"end":{"line":2,"column":6}},"line":2},"18":{"name":"next","decl":{"start":{"line":2,"column":0},"end":{"line":2,"column":6}},"loc":{"start":{"line":2,"column":0},"end":{"line":2,"column":6}},"line":2},"19":{"name":"exports.isGeneratorFunction","decl":{"start":{"line":2,"column":0},"end":{"line":2,"column":6}},"loc":{"start":{"line":2,"column":0},"end":{"line":2,"column":6}},"line":2},"20":{"name":"exports.mark","decl":{"start":{"line":2,"column":0},"end":{"line":2,"column":6}},"loc":{"start":{"line":2,"column":0},"end":{"line":2,"column":6}},"line":2},"21":{"name":"exports.awrap","decl":{"start":{"line":2,"column":0},"end":{"line":2,"column":6}},"loc":{"start":{"line":2,"column":0},"end":{"line":2,"column":6}},"line":2},"22":{"name":"exports.async","decl":{"start":{"line":2,"column":0},"end":{"line":2,"column":6}},"loc":{"start":{"line":2,"column":0},"end":{"line":2,"column":6}},"line":2},"23":{"name":"exports.keys","decl":{"start":{"line":2,"column":0},"end":{"line":2,"column":6}},"loc":{"start":{"line":2,"column":0},"end":{"line":2,"column":6}},"line":2},"24":{"name":"reset","decl":{"start":{"line":2,"column":0},"end":{"line":2,"column":6}},"loc":{"start":{"line":2,"column":0},"end":{"line":2,"column":6}},"line":2},"25":{"name":"stop","decl":{"start":{"line":2,"column":0},"end":{"line":2,"column":6}},"loc":{"start":{"line":2,"column":0},"end":{"line":2,"column":6}},"line":2},"26":{"name":"dispatchException","decl":{"start":{"line":2,"column":0},"end":{"line":2,"column":6}},"loc":{"start":{"line":2,"column":0},"end":{"line":2,"column":6}},"line":2},"27":{"name":"abrupt","decl":{"start":{"line":2,"column":0},"end":{"line":2,"column":6}},"loc":{"start":{"line":2,"column":0},"end":{"line":2,"column":6}},"line":2},"28":{"name":"complete","decl":{"start":{"line":2,"column":0},"end":{"line":2,"column":6}},"loc":{"start":{"line":2,"column":0},"end":{"line":2,"column":6}},"line":2},"29":{"name":"finish","decl":{"start":{"line":2,"column":0},"end":{"line":2,"column":6}},"loc":{"start":{"line":2,"column":0},"end":{"line":2,"column":6}},"line":2},"30":{"name":"_catch","decl":{"start":{"line":2,"column":0},"end":{"line":2,"column":6}},"loc":{"start":{"line":2,"column":0},"end":{"line":2,"column":6}},"line":2},"31":{"name":"delegateYield","decl":{"start":{"line":2,"column":0},"end":{"line":2,"column":6}},"loc":{"start":{"line":2,"column":0},"end":{"line":2,"column":6}},"line":2},"32":{"name":"asyncGeneratorStep","decl":{"start":{"line":2,"column":0},"end":{"line":2,"column":6}},"loc":{"start":{"line":2,"column":0},"end":{"line":2,"column":6}},"line":2},"33":{"name":"_asyncToGenerator","decl":{"start":{"line":2,"column":0},"end":{"line":2,"column":6}},"loc":{"start":{"line":2,"column":0},"end":{"line":2,"column":6}},"line":2},"34":{"name":"_next","decl":{"start":{"line":2,"column":0},"end":{"line":2,"column":6}},"loc":{"start":{"line":2,"column":0},"end":{"line":2,"column":6}},"line":2},"35":{"name":"_throw","decl":{"start":{"line":2,"column":0},"end":{"line":2,"column":6}},"loc":{"start":{"line":2,"column":0},"end":{"line":2,"column":6}},"line":2},"36":{"name":"_callee","decl":{"start":{"line":15,"column":16},"end":{"line":80,"column":72}},"loc":{"start":{"line":15,"column":16},"end":{"line":80,"column":72}},"line":15},"37":{"name":"_callee$","decl":{"start":{"line":15,"column":29},"end":{"line":80,"column":72}},"loc":{"start":{"line":15,"column":29},"end":{"line":80,"column":72}},"line":15},"38":{"name":"_callee2","decl":{"start":{"line":84,"column":19},"end":{"line":100,"column":51}},"loc":{"start":{"line":84,"column":19},"end":{"line":100,"column":51}},"line":84},"39":{"name":"_callee2$","decl":{"start":{"line":84,"column":32},"end":{"line":100,"column":51}},"loc":{"start":{"line":84,"column":32},"end":{"line":100,"column":51}},"line":84},"40":{"name":"_callee3","decl":{"start":{"line":103,"column":19},"end":{"line":113,"column":51}},"loc":{"start":{"line":103,"column":19},"end":{"line":113,"column":51}},"line":103},"41":{"name":"_callee4","decl":{"start":{"line":116,"column":18},"end":{"line":139,"column":39}},"loc":{"start":{"line":116,"column":18},"end":{"line":139,"column":39}},"line":116},"42":{"name":"_callee4$","decl":{"start":{"line":116,"column":31},"end":{"line":139,"column":39}},"loc":{"start":{"line":116,"column":31},"end":{"line":139,"column":39}},"line":116},"43":{"name":"_callee5","decl":{"start":{"line":142,"column":18},"end":{"line":181,"column":82}},"loc":{"start":{"line":142,"column":18},"end":{"line":181,"column":82}},"line":142},"44":{"name":"_callee5$","decl":{"start":{"line":142,"column":31},"end":{"line":181,"column":82}},"loc":{"start":{"line":142,"column":31},"end":{"line":181,"column":82}},"line":142},"45":{"name":"_callee6","decl":{"start":{"line":185,"column":19},"end":{"line":237,"column":51}},"loc":{"start":{"line":185,"column":19},"end":{"line":237,"column":51}},"line":185},"46":{"name":"_callee6$","decl":{"start":{"line":185,"column":32},"end":{"line":237,"column":51}},"loc":{"start":{"line":185,"column":32},"end":{"line":237,"column":51}},"line":185},"47":{"name":"_callee7","decl":{"start":{"line":241,"column":19},"end":{"line":253,"column":72}},"loc":{"start":{"line":241,"column":19},"end":{"line":253,"column":72}},"line":241},"48":{"name":"_callee7$","decl":{"start":{"line":241,"column":32},"end":{"line":253,"column":72}},"loc":{"start":{"line":241,"column":32},"end":{"line":253,"column":72}},"line":241},"49":{"name":"_callee8","decl":{"start":{"line":257,"column":19},"end":{"line":274,"column":44}},"loc":{"start":{"line":257,"column":19},"end":{"line":274,"column":44}},"line":257},"50":{"name":"_callee8$","decl":{"start":{"line":257,"column":32},"end":{"line":274,"column":44}},"loc":{"start":{"line":257,"column":32},"end":{"line":274,"column":44}},"line":257},"51":{"name":"_callee9","decl":{"start":{"line":278,"column":19},"end":{"line":307,"column":72}},"loc":{"start":{"line":278,"column":19},"end":{"line":307,"column":72}},"line":278},"52":{"name":"_callee9$","decl":{"start":{"line":278,"column":33},"end":{"line":307,"column":72}},"loc":{"start":{"line":278,"column":33},"end":{"line":307,"column":72}},"line":278},"53":{"name":"_callee10","decl":{"start":{"line":311,"column":29},"end":{"line":327,"column":44}},"loc":{"start":{"line":311,"column":29},"end":{"line":327,"column":44}},"line":311},"54":{"name":"_callee10$","decl":{"start":{"line":311,"column":42},"end":{"line":327,"column":44}},"loc":{"start":{"line":311,"column":42},"end":{"line":327,"column":44}},"line":311},"55":{"name":"_callee11","decl":{"start":{"line":331,"column":17},"end":{"line":355,"column":39}},"loc":{"start":{"line":331,"column":17},"end":{"line":355,"column":39}},"line":331},"56":{"name":"_callee11$","decl":{"start":{"line":331,"column":31},"end":{"line":355,"column":39}},"loc":{"start":{"line":331,"column":31},"end":{"line":355,"column":39}},"line":331},"57":{"name":"_callee12","decl":{"start":{"line":360,"column":18},"end":{"line":373,"column":44}},"loc":{"start":{"line":360,"column":18},"end":{"line":373,"column":44}},"line":360},"58":{"name":"_callee12$","decl":{"start":{"line":360,"column":31},"end":{"line":373,"column":44}},"loc":{"start":{"line":360,"column":31},"end":{"line":373,"column":44}},"line":360},"59":{"name":"_callee13","decl":{"start":{"line":377,"column":18},"end":{"line":390,"column":44}},"loc":{"start":{"line":377,"column":18},"end":{"line":390,"column":44}},"line":377},"60":{"name":"_callee13$","decl":{"start":{"line":377,"column":32},"end":{"line":390,"column":44}},"loc":{"start":{"line":377,"column":32},"end":{"line":390,"column":44}},"line":377},"61":{"name":"_callee14","decl":{"start":{"line":396,"column":19},"end":{"line":406,"column":10}},"loc":{"start":{"line":396,"column":19},"end":{"line":406,"column":10}},"line":396},"62":{"name":"_callee14$","decl":{"start":{"line":396,"column":32},"end":{"line":406,"column":10}},"loc":{"start":{"line":396,"column":32},"end":{"line":406,"column":10}},"line":396}},"f":{"0":1,"1":38,"2":0,"3":13,"4":0,"5":25,"6":93,"7":0,"8":0,"9":0,"10":2,"11":0,"12":25,"13":0,"14":23,"15":48,"16":25,"17":1,"18":0,"19":0,"20":14,"21":0,"22":0,"23":0,"24":25,"25":25,"26":0,"27":50,"28":50,"29":0,"30":0,"31":0,"32":68,"33":14,"34":68,"35":0,"36":2,"37":10,"38":2,"39":8,"40":0,"41":2,"42":10,"43":1,"44":5,"45":5,"46":14,"47":1,"48":4,"49":2,"50":8,"51":2,"52":8,"53":1,"54":4,"55":3,"56":10,"57":1,"58":4,"59":1,"60":4,"61":2,"62":4}}
}
