TN:
SF:controllers\usercontroller.js
FN:2,_regeneratorRuntime
FN:2,_regeneratorRuntime
FN:2,defineProperty
FN:2,define
FN:2,define
FN:2,wrap
FN:2,tryCatch
FN:2,Generator
FN:2,GeneratorFunction
FN:2,GeneratorFunctionPrototype
FN:2,defineIteratorMethods
FN:2,AsyncIterator
FN:2,makeInvokeMethod
FN:2,maybeInvokeDelegate
FN:2,pushTryEntry
FN:2,resetTryEntry
FN:2,Context
FN:2,values
FN:2,next
FN:2,exports.isGeneratorFunction
FN:2,exports.mark
FN:2,exports.awrap
FN:2,exports.async
FN:2,exports.keys
FN:2,reset
FN:2,stop
FN:2,dispatchException
FN:2,abrupt
FN:2,complete
FN:2,finish
FN:2,_catch
FN:2,delegateYield
FN:2,asyncGeneratorStep
FN:2,_asyncToGenerator
FN:2,_next
FN:2,_throw
FN:15,_callee
FN:15,_callee$
FN:84,_callee2
FN:84,_callee2$
FN:103,_callee3
FN:116,_callee4
FN:116,_callee4$
FN:142,_callee5
FN:142,_callee5$
FN:185,_callee6
FN:185,_callee6$
FN:241,_callee7
FN:241,_callee7$
FN:257,_callee8
FN:257,_callee8$
FN:278,_callee9
FN:278,_callee9$
FN:311,_callee10
FN:311,_callee10$
FN:331,_callee11
FN:331,_callee11$
FN:360,_callee12
FN:360,_callee12$
FN:377,_callee13
FN:377,_callee13$
FN:396,_callee14
FN:396,_callee14$
FNF:63
FNH:45
FNDA:1,_regeneratorRuntime
FNDA:38,_regeneratorRuntime
FNDA:0,defineProperty
FNDA:13,define
FNDA:0,define
FNDA:25,wrap
FNDA:93,tryCatch
FNDA:0,Generator
FNDA:0,GeneratorFunction
FNDA:0,GeneratorFunctionPrototype
FNDA:2,defineIteratorMethods
FNDA:0,AsyncIterator
FNDA:25,makeInvokeMethod
FNDA:0,maybeInvokeDelegate
FNDA:23,pushTryEntry
FNDA:48,resetTryEntry
FNDA:25,Context
FNDA:1,values
FNDA:0,next
FNDA:0,exports.isGeneratorFunction
FNDA:14,exports.mark
FNDA:0,exports.awrap
FNDA:0,exports.async
FNDA:0,exports.keys
FNDA:25,reset
FNDA:25,stop
FNDA:0,dispatchException
FNDA:50,abrupt
FNDA:50,complete
FNDA:0,finish
FNDA:0,_catch
FNDA:0,delegateYield
FNDA:68,asyncGeneratorStep
FNDA:14,_asyncToGenerator
FNDA:68,_next
FNDA:0,_throw
FNDA:2,_callee
FNDA:10,_callee$
FNDA:2,_callee2
FNDA:8,_callee2$
FNDA:0,_callee3
FNDA:2,_callee4
FNDA:10,_callee4$
FNDA:1,_callee5
FNDA:5,_callee5$
FNDA:5,_callee6
FNDA:14,_callee6$
FNDA:1,_callee7
FNDA:4,_callee7$
FNDA:2,_callee8
FNDA:8,_callee8$
FNDA:2,_callee9
FNDA:8,_callee9$
FNDA:1,_callee10
FNDA:4,_callee10$
FNDA:3,_callee11
FNDA:10,_callee11$
FNDA:1,_callee12
FNDA:4,_callee12$
FNDA:1,_callee13
FNDA:4,_callee13$
FNDA:2,_callee14
FNDA:4,_callee14$
DA:1,1
DA:2,1
DA:3,1
DA:4,1
DA:5,1
DA:6,1
DA:7,1
DA:8,1
DA:9,1
DA:10,1
DA:11,1
DA:12,1
DA:13,1
DA:14,1
DA:15,1
DA:16,2
DA:17,2
DA:18,2
DA:19,2
DA:20,2
DA:21,2
DA:22,2
DA:23,2
DA:24,2
DA:25,2
DA:26,2
DA:27,2
DA:28,2
DA:29,2
DA:30,0
DA:31,2
DA:32,2
DA:33,2
DA:34,2
DA:35,2
DA:36,2
DA:37,2
DA:38,2
DA:39,2
DA:40,2
DA:41,2
DA:42,2
DA:43,2
DA:44,2
DA:45,2
DA:46,1
DA:47,1
DA:48,1
DA:49,1
DA:50,1
DA:51,0
DA:52,0
DA:53,0
DA:54,0
DA:55,0
DA:56,0
DA:57,0
DA:58,0
DA:59,0
DA:60,0
DA:61,0
DA:62,0
DA:63,0
DA:64,0
DA:65,0
DA:66,0
DA:67,0
DA:68,0
DA:69,0
DA:70,0
DA:71,0
DA:72,0
DA:73,0
DA:74,0
DA:75,0
DA:76,0
DA:77,0
DA:78,0
DA:79,0
DA:80,0
DA:81,1
DA:82,1
DA:83,1
DA:84,1
DA:85,2
DA:86,2
DA:87,2
DA:88,2
DA:89,2
DA:90,2
DA:91,2
DA:92,1
DA:93,1
DA:94,1
DA:95,1
DA:96,0
DA:97,0
DA:98,0
DA:99,0
DA:100,0
DA:101,1
DA:102,1
DA:103,1
DA:104,0
DA:105,0
DA:106,0
DA:107,0
DA:108,0
DA:109,0
DA:110,0
DA:111,0
DA:112,0
DA:113,0
DA:114,1
DA:115,1
DA:116,1
DA:117,2
DA:118,2
DA:119,2
DA:120,2
DA:121,2
DA:122,2
DA:123,2
DA:124,2
DA:125,2
DA:126,2
DA:127,2
DA:128,2
DA:129,2
DA:130,1
DA:131,1
DA:132,1
DA:133,1
DA:134,1
DA:135,0
DA:136,0
DA:137,0
DA:138,0
DA:139,0
DA:140,1
DA:141,1
DA:142,1
DA:143,1
DA:144,1
DA:145,1
DA:146,1
DA:147,1
DA:148,0
DA:149,1
DA:150,1
DA:151,1
DA:152,6
DA:153,1
DA:154,1
DA:155,1
DA:156,1
DA:157,1
DA:158,1
DA:159,1
DA:160,1
DA:161,1
DA:162,1
DA:163,1
DA:164,1
DA:165,1
DA:166,1
DA:167,1
DA:168,1
DA:169,1
DA:170,1
DA:171,0
DA:172,0
DA:173,0
DA:174,0
DA:175,0
DA:176,0
DA:177,0
DA:178,0
DA:179,0
DA:180,0
DA:181,0
DA:182,1
DA:183,1
DA:184,1
DA:185,1
DA:186,5
DA:187,5
DA:188,5
DA:189,5
DA:190,5
DA:191,5
DA:192,3
DA:193,2
DA:194,2
DA:195,2
DA:196,2
DA:197,2
DA:198,2
DA:199,2
DA:200,2
DA:201,2
DA:202,2
DA:203,2
DA:204,2
DA:205,2
DA:206,2
DA:207,1
DA:208,1
DA:209,1
DA:210,1
DA:211,1
DA:212,0
DA:213,0
DA:214,0
DA:215,0
DA:216,0
DA:217,0
DA:218,0
DA:219,0
DA:220,0
DA:221,0
DA:222,0
DA:223,0
DA:224,0
DA:225,0
DA:226,0
DA:227,0
DA:228,0
DA:229,0
DA:230,0
DA:231,0
DA:232,0
DA:233,0
DA:234,0
DA:235,0
DA:236,0
DA:237,0
DA:238,1
DA:239,1
DA:240,1
DA:241,1
DA:242,1
DA:243,1
DA:244,1
DA:245,1
DA:246,1
DA:247,1
DA:248,1
DA:249,1
DA:250,1
DA:251,0
DA:252,0
DA:253,0
DA:254,1
DA:255,1
DA:256,1
DA:257,1
DA:258,2
DA:259,2
DA:260,2
DA:261,2
DA:262,2
DA:263,2
DA:264,2
DA:265,2
DA:266,1
DA:267,1
DA:268,1
DA:269,1
DA:270,1
DA:271,0
DA:272,0
DA:273,0
DA:274,0
DA:275,1
DA:276,1
DA:277,1
DA:278,1
DA:279,2
DA:280,2
DA:281,2
DA:282,2
DA:283,2
DA:284,0
DA:285,2
DA:286,2
DA:287,2
DA:288,2
DA:289,2
DA:290,2
DA:291,2
DA:292,2
DA:293,2
DA:294,2
DA:295,2
DA:296,1
DA:297,1
DA:298,1
DA:299,1
DA:300,1
DA:301,0
DA:302,0
DA:303,0
DA:304,0
DA:305,0
DA:306,0
DA:307,0
DA:308,1
DA:309,1
DA:310,1
DA:311,1
DA:312,1
DA:313,1
DA:314,1
DA:315,1
DA:316,1
DA:317,1
DA:318,1
DA:319,1
DA:320,1
DA:321,1
DA:322,1
DA:323,0
DA:324,0
DA:325,0
DA:326,0
DA:327,0
DA:328,1
DA:329,1
DA:330,1
DA:331,1
DA:332,3
DA:333,3
DA:334,3
DA:335,3
DA:336,3
DA:337,1
DA:338,2
DA:339,2
DA:340,2
DA:341,2
DA:342,2
DA:343,2
DA:344,2
DA:345,2
DA:346,2
DA:347,1
DA:348,1
DA:349,1
DA:350,1
DA:351,1
DA:352,0
DA:353,0
DA:354,0
DA:355,0
DA:356,1
DA:357,1
DA:358,1
DA:359,1
DA:360,1
DA:361,1
DA:362,1
DA:363,1
DA:364,1
DA:365,1
DA:366,1
DA:367,1
DA:368,1
DA:369,1
DA:370,1
DA:371,1
DA:372,0
DA:373,0
DA:374,1
DA:375,1
DA:376,1
DA:377,1
DA:378,1
DA:379,1
DA:380,1
DA:381,1
DA:382,1
DA:383,1
DA:384,1
DA:385,1
DA:386,1
DA:387,1
DA:388,1
DA:389,0
DA:390,0
DA:391,1
DA:392,1
DA:393,1
DA:394,1
DA:395,1
DA:396,1
DA:397,2
DA:398,1
DA:399,1
DA:400,1
DA:401,1
DA:402,1
DA:403,1
DA:404,1
DA:405,1
DA:406,1
DA:407,1
DA:408,1
DA:409,1
DA:410,1
DA:411,1
DA:412,1
DA:413,1
DA:414,1
DA:415,1
DA:416,1
DA:417,1
DA:418,1
DA:419,1
DA:420,1
LF:420
LH:303
BRDA:2,0,0,1
BRDA:2,1,0,0
BRDA:2,2,0,0
BRDA:2,3,0,0
BRDA:2,4,0,0
BRDA:2,5,0,0
BRDA:2,6,0,0
BRDA:2,7,0,38
BRDA:2,8,0,13
BRDA:2,9,0,25
BRDA:2,10,0,0
BRDA:2,11,0,2
BRDA:2,12,0,93
BRDA:2,13,0,0
BRDA:2,14,0,2
BRDA:2,15,0,6
BRDA:2,16,0,68
BRDA:2,17,0,25
BRDA:2,18,0,68
BRDA:2,19,0,0
BRDA:2,20,0,0
BRDA:2,21,0,93
BRDA:2,22,0,0
BRDA:2,23,0,68
BRDA:2,24,0,25
BRDA:2,25,0,0
BRDA:2,26,0,25
BRDA:2,27,0,68
BRDA:2,28,0,25
BRDA:2,29,0,68
BRDA:2,30,0,0
BRDA:2,31,0,23
BRDA:2,32,0,0
BRDA:2,33,0,48
BRDA:2,34,0,25
BRDA:2,35,0,1
BRDA:2,36,0,0
BRDA:2,37,0,0
BRDA:2,38,0,0
BRDA:2,39,0,14
BRDA:2,40,0,0
BRDA:2,41,0,25
BRDA:2,42,0,0
BRDA:2,43,0,25
BRDA:2,44,0,0
BRDA:2,45,0,50
BRDA:2,46,0,96
BRDA:2,47,0,46
BRDA:2,48,0,0
BRDA:2,49,0,0
BRDA:2,50,0,0
BRDA:2,51,0,0
BRDA:2,52,0,0
BRDA:2,53,0,0
BRDA:2,54,0,0
BRDA:2,55,0,0
BRDA:2,56,0,50
BRDA:2,57,0,0
BRDA:2,58,0,0
BRDA:2,59,0,0
BRDA:2,60,0,68
BRDA:2,61,0,0
BRDA:2,62,0,25
BRDA:2,63,0,43
BRDA:2,64,0,14
BRDA:2,65,0,25
BRDA:2,66,0,25
BRDA:2,67,0,68
BRDA:15,68,0,1
BRDA:15,69,0,2
BRDA:15,70,0,10
BRDA:15,71,0,13
BRDA:15,72,0,2
BRDA:29,73,0,0
BRDA:31,74,0,2
BRDA:34,75,0,2
BRDA:35,76,0,2
BRDA:44,77,0,2
BRDA:45,78,0,1
BRDA:48,79,0,1
BRDA:51,80,0,0
BRDA:57,81,0,0
BRDA:64,82,0,0
BRDA:67,83,0,0
BRDA:70,84,0,0
BRDA:73,85,0,0
BRDA:76,86,0,0
BRDA:80,87,0,0
BRDA:80,88,0,2
BRDA:84,89,0,1
BRDA:84,90,0,2
BRDA:84,91,0,8
BRDA:84,92,0,9
BRDA:84,93,0,2
BRDA:88,94,0,2
BRDA:88,95,0,2
BRDA:91,96,0,1
BRDA:93,97,0,1
BRDA:96,98,0,0
BRDA:103,99,0,1
BRDA:116,100,0,1
BRDA:116,101,0,2
BRDA:116,102,0,10
BRDA:116,103,0,11
BRDA:116,104,0,2
BRDA:121,105,0,2
BRDA:123,106,0,2
BRDA:126,107,0,2
BRDA:129,108,0,1
BRDA:132,109,0,1
BRDA:135,110,0,0
BRDA:142,111,0,1
BRDA:142,112,0,1
BRDA:142,113,0,5
BRDA:142,114,0,6
BRDA:142,115,0,1
BRDA:147,116,0,0
BRDA:149,117,0,1
BRDA:152,118,0,1
BRDA:152,119,0,1
BRDA:157,120,0,0
BRDA:160,121,0,1
BRDA:160,122,0,0
BRDA:171,123,0,0
BRDA:175,124,0,0
BRDA:178,125,0,0
BRDA:185,126,0,1
BRDA:185,127,0,5
BRDA:185,128,0,14
BRDA:185,129,0,17
BRDA:185,130,0,5
BRDA:191,131,0,2
BRDA:191,132,0,3
BRDA:193,133,0,2
BRDA:197,134,0,2
BRDA:204,135,0,2
BRDA:206,136,0,1
BRDA:209,137,0,1
BRDA:212,138,0,0
BRDA:217,139,0,0
BRDA:224,140,0,0
BRDA:227,141,0,0
BRDA:230,142,0,0
BRDA:233,143,0,0
BRDA:241,144,0,1
BRDA:241,145,0,1
BRDA:241,146,0,4
BRDA:241,147,0,1
BRDA:245,148,0,1
BRDA:247,149,0,1
BRDA:251,150,0,0
BRDA:253,151,0,0
BRDA:253,152,0,1
BRDA:257,153,0,1
BRDA:257,154,0,2
BRDA:257,155,0,8
BRDA:257,156,0,9
BRDA:257,157,0,2
BRDA:261,158,0,2
BRDA:263,159,0,2
BRDA:265,160,0,1
BRDA:268,161,0,1
BRDA:271,162,0,0
BRDA:278,163,0,1
BRDA:278,164,0,2
BRDA:278,165,0,8
BRDA:278,166,0,11
BRDA:278,167,0,2
BRDA:283,168,0,0
BRDA:285,169,0,2
BRDA:289,170,0,2
BRDA:293,171,0,2
BRDA:295,172,0,1
BRDA:298,173,0,1
BRDA:301,174,0,0
BRDA:306,175,0,0
BRDA:307,176,0,0
BRDA:307,177,0,2
BRDA:311,178,0,1
BRDA:311,179,0,1
BRDA:311,180,0,4
BRDA:311,181,0,1
BRDA:316,182,0,1
BRDA:318,183,0,1
BRDA:323,184,0,0
BRDA:331,185,0,1
BRDA:331,186,0,3
BRDA:331,187,0,10
BRDA:331,188,0,13
BRDA:331,189,0,3
BRDA:336,190,0,2
BRDA:336,191,0,1
BRDA:338,192,0,2
BRDA:341,193,0,2
BRDA:344,194,0,2
BRDA:346,195,0,1
BRDA:349,196,0,1
BRDA:352,197,0,0
BRDA:360,198,0,1
BRDA:360,199,0,1
BRDA:360,200,0,4
BRDA:360,201,0,1
BRDA:365,202,0,1
BRDA:367,203,0,1
BRDA:372,204,0,0
BRDA:377,205,0,1
BRDA:377,206,0,1
BRDA:377,207,0,4
BRDA:377,208,0,1
BRDA:382,209,0,1
BRDA:384,210,0,1
BRDA:389,211,0,0
BRDA:396,212,0,1
BRDA:396,213,0,2
BRDA:396,214,0,4
BRDA:396,215,0,5
BRDA:396,216,0,2
BRDA:397,217,0,1
BRDA:402,218,0,1
BRF:219
BRH:153
end_of_record
